(attack,turn,p1K,p1A,p1W,p1R,p1H,p1_stun,p2K,p2A,p2W,p2R,p2H,p2_stun)
0:(0,0,10,7,0,0,0,0,10,0,0,7,0,0)
1:(0,1,0,0,0,0,0,0,0,0,0,1,0,0)
2:(0,1,0,0,0,0,0,0,0,0,0,3,0,0)
3:(0,1,0,0,0,0,0,0,0,0,0,5,0,0)
4:(0,1,0,0,0,0,0,0,0,0,0,7,0,0)
5:(0,1,0,0,0,0,0,0,2,0,0,0,0,0)
6:(0,1,0,0,0,0,0,0,2,0,0,1,0,0)
7:(0,1,0,0,0,0,0,0,2,0,0,3,0,0)
8:(0,1,0,0,0,0,0,0,2,0,0,5,0,0)
9:(0,1,0,0,0,0,0,0,2,0,0,7,0,0)
10:(0,1,0,0,0,0,0,0,4,0,0,0,0,0)
11:(0,1,0,0,0,0,0,0,4,0,0,1,0,0)
12:(0,1,0,0,0,0,0,0,4,0,0,3,0,0)
13:(0,1,0,0,0,0,0,0,4,0,0,5,0,0)
14:(0,1,0,0,0,0,0,0,4,0,0,7,0,0)
15:(0,1,0,0,0,0,0,0,6,0,0,0,0,0)
16:(0,1,0,0,0,0,0,0,6,0,0,1,0,0)
17:(0,1,0,0,0,0,0,0,6,0,0,3,0,0)
18:(0,1,0,0,0,0,0,0,6,0,0,5,0,0)
19:(0,1,0,0,0,0,0,0,6,0,0,7,0,0)
20:(0,1,0,0,0,0,0,0,8,0,0,0,0,0)
21:(0,1,0,0,0,0,0,0,8,0,0,1,0,0)
22:(0,1,0,0,0,0,0,0,8,0,0,3,0,0)
23:(0,1,0,0,0,0,0,0,8,0,0,5,0,0)
24:(0,1,0,0,0,0,0,0,8,0,0,7,0,0)
25:(0,1,0,0,0,0,0,0,10,0,0,0,0,0)
26:(0,1,0,0,0,0,0,0,10,0,0,1,0,0)
27:(0,1,0,0,0,0,0,0,10,0,0,3,0,0)
28:(0,1,0,0,0,0,0,0,10,0,0,5,0,0)
29:(0,1,0,0,0,0,0,0,10,0,0,7,0,0)
30:(0,1,0,3,0,0,0,0,2,0,0,0,0,0)
31:(0,1,0,3,0,0,0,0,4,0,0,0,0,0)
32:(0,1,0,3,0,0,0,0,6,0,0,0,0,0)
33:(0,1,0,3,0,0,0,0,8,0,0,0,0,0)
34:(0,1,0,3,0,0,0,0,10,0,0,0,0,0)
35:(0,1,0,4,0,0,0,0,0,0,0,1,0,0)
36:(0,1,0,4,0,0,0,0,0,0,0,3,0,0)
37:(0,1,0,4,0,0,0,0,0,0,0,5,0,0)
38:(0,1,0,4,0,0,0,0,0,0,0,7,0,0)
39:(0,1,0,4,0,0,0,0,2,0,0,0,0,0)
40:(0,1,0,4,0,0,0,0,2,0,0,1,0,0)
41:(0,1,0,4,0,0,0,0,2,0,0,3,0,0)
42:(0,1,0,4,0,0,0,0,2,0,0,5,0,0)
43:(0,1,0,4,0,0,0,0,2,0,0,7,0,0)
44:(0,1,0,4,0,0,0,0,4,0,0,0,0,0)
45:(0,1,0,4,0,0,0,0,4,0,0,1,0,0)
46:(0,1,0,4,0,0,0,0,4,0,0,3,0,0)
47:(0,1,0,4,0,0,0,0,4,0,0,5,0,0)
48:(0,1,0,4,0,0,0,0,4,0,0,7,0,0)
49:(0,1,0,4,0,0,0,0,6,0,0,0,0,0)
50:(0,1,0,4,0,0,0,0,6,0,0,1,0,0)
51:(0,1,0,4,0,0,0,0,6,0,0,3,0,0)
52:(0,1,0,4,0,0,0,0,8,0,0,0,0,0)
53:(0,1,0,4,0,0,0,0,8,0,0,1,0,0)
54:(0,1,0,4,0,0,0,0,8,0,0,3,0,0)
55:(0,1,0,4,0,0,0,0,10,0,0,0,0,0)
56:(0,1,0,4,0,0,0,0,10,0,0,1,0,0)
57:(0,1,0,7,0,0,0,0,0,0,0,1,0,0)
58:(0,1,0,7,0,0,0,0,0,0,0,3,0,0)
59:(0,1,0,7,0,0,0,0,0,0,0,5,0,0)
60:(0,1,0,7,0,0,0,0,0,0,0,7,0,0)
61:(0,1,0,7,0,0,0,0,2,0,0,0,0,0)
62:(0,1,0,7,0,0,0,0,2,0,0,1,0,0)
63:(0,1,0,7,0,0,0,0,4,0,0,0,0,0)
64:(0,1,0,7,0,0,0,0,4,0,0,1,0,0)
65:(0,1,0,7,0,0,0,0,6,0,0,0,0,0)
66:(0,1,0,7,0,0,0,0,6,0,0,1,0,0)
67:(0,1,0,7,0,0,0,0,8,0,0,0,0,0)
68:(0,1,0,7,0,0,0,0,8,0,0,1,0,0)
69:(0,1,0,7,0,0,0,0,10,0,0,0,0,0)
70:(0,1,0,7,0,0,0,0,10,0,0,1,0,0)
71:(0,1,2,0,0,0,0,0,2,0,0,0,0,0)
72:(0,1,2,0,0,0,0,0,4,0,0,0,0,0)
73:(0,1,2,0,0,0,0,0,6,0,0,0,0,0)
74:(0,1,2,0,0,0,0,0,8,0,0,0,0,0)
75:(0,1,2,0,0,0,0,0,10,0,0,0,0,0)
76:(0,1,2,3,0,0,0,0,2,0,0,0,0,0)
77:(0,1,2,3,0,0,0,0,4,0,0,0,0,0)
78:(0,1,2,4,0,0,0,0,2,0,0,0,0,0)
79:(0,1,2,4,0,0,0,0,4,0,0,0,0,0)
80:(0,1,2,4,0,0,0,0,6,0,0,0,0,0)
81:(0,1,2,4,0,0,0,0,8,0,0,0,0,0)
82:(0,1,2,4,0,0,0,0,10,0,0,0,0,0)
83:(0,1,2,7,0,0,0,0,2,0,0,0,0,0)
84:(0,1,2,7,0,0,0,0,4,0,0,0,0,0)
85:(0,1,2,7,0,0,0,0,6,0,0,0,0,0)
86:(0,1,2,7,0,0,0,0,8,0,0,0,0,0)
87:(0,1,2,7,0,0,0,0,10,0,0,0,0,0)
88:(0,1,3,0,0,0,0,0,2,0,0,0,0,0)
89:(0,1,3,0,0,0,0,0,4,0,0,0,0,0)
90:(0,1,3,0,0,0,0,0,6,0,0,0,0,0)
91:(0,1,3,0,0,0,0,0,8,0,0,0,0,0)
92:(0,1,3,0,0,0,0,0,10,0,0,0,0,0)
93:(0,1,3,3,0,0,0,0,2,0,0,0,0,0)
94:(0,1,3,3,0,0,0,0,4,0,0,0,0,0)
95:(0,1,3,3,0,0,0,0,6,0,0,0,0,0)
96:(0,1,3,4,0,0,0,0,2,0,0,0,0,0)
97:(0,1,3,4,0,0,0,0,4,0,0,0,0,0)
98:(0,1,3,4,0,0,0,0,6,0,0,0,0,0)
99:(0,1,3,4,0,0,0,0,8,0,0,0,0,0)
100:(0,1,3,7,0,0,0,0,2,0,0,0,0,0)
101:(0,1,3,7,0,0,0,0,4,0,0,0,0,0)
102:(0,1,3,7,0,0,0,0,6,0,0,0,0,0)
103:(0,1,3,7,0,0,0,0,8,0,0,0,0,0)
104:(0,1,3,7,0,0,0,0,10,0,0,0,0,0)
105:(0,1,4,0,0,0,0,0,0,0,0,1,0,0)
106:(0,1,4,0,0,0,0,0,0,0,0,3,0,0)
107:(0,1,4,0,0,0,0,0,0,0,0,5,0,0)
108:(0,1,4,0,0,0,0,0,0,0,0,7,0,0)
109:(0,1,4,0,0,0,0,0,2,0,0,0,0,0)
110:(0,1,4,0,0,0,0,0,2,0,0,1,0,0)
111:(0,1,4,0,0,0,0,0,2,0,0,3,0,0)
112:(0,1,4,0,0,0,0,0,2,0,0,5,0,0)
113:(0,1,4,0,0,0,0,0,2,0,0,7,0,0)
114:(0,1,4,0,0,0,0,0,4,0,0,0,0,0)
115:(0,1,4,0,0,0,0,0,4,0,0,1,0,0)
116:(0,1,4,0,0,0,0,0,4,0,0,3,0,0)
117:(0,1,4,0,0,0,0,0,4,0,0,5,0,0)
118:(0,1,4,0,0,0,0,0,4,0,0,7,0,0)
119:(0,1,4,0,0,0,0,0,6,0,0,0,0,0)
120:(0,1,4,0,0,0,0,0,6,0,0,1,0,0)
121:(0,1,4,0,0,0,0,0,6,0,0,3,0,0)
122:(0,1,4,0,0,0,0,0,6,0,0,5,0,0)
123:(0,1,4,0,0,0,0,0,6,0,0,7,0,0)
124:(0,1,4,0,0,0,0,0,8,0,0,0,0,0)
125:(0,1,4,0,0,0,0,0,8,0,0,1,0,0)
126:(0,1,4,0,0,0,0,0,8,0,0,3,0,0)
127:(0,1,4,0,0,0,0,0,8,0,0,5,0,0)
128:(0,1,4,0,0,0,0,0,8,0,0,7,0,0)
129:(0,1,4,0,0,0,0,0,10,0,0,0,0,0)
130:(0,1,4,0,0,0,0,0,10,0,0,1,0,0)
131:(0,1,4,0,0,0,0,0,10,0,0,3,0,0)
132:(0,1,4,0,0,0,0,0,10,0,0,5,0,0)
133:(0,1,4,0,0,0,0,0,10,0,0,7,0,0)
134:(0,1,4,3,0,0,0,0,2,0,0,0,0,0)
135:(0,1,4,3,0,0,0,0,4,0,0,0,0,0)
136:(0,1,4,4,0,0,0,0,0,0,0,1,0,0)
137:(0,1,4,4,0,0,0,0,0,0,0,3,0,0)
138:(0,1,4,4,0,0,0,0,0,0,0,5,0,0)
139:(0,1,4,4,0,0,0,0,0,0,0,7,0,0)
140:(0,1,4,4,0,0,0,0,2,0,0,0,0,0)
141:(0,1,4,4,0,0,0,0,2,0,0,1,0,0)
142:(0,1,4,4,0,0,0,0,2,0,0,3,0,0)
143:(0,1,4,4,0,0,0,0,2,0,0,5,0,0)
144:(0,1,4,4,0,0,0,0,2,0,0,7,0,0)
145:(0,1,4,4,0,0,0,0,4,0,0,0,0,0)
146:(0,1,4,4,0,0,0,0,4,0,0,1,0,0)
147:(0,1,4,4,0,0,0,0,4,0,0,3,0,0)
148:(0,1,4,4,0,0,0,0,4,0,0,5,0,0)
149:(0,1,4,4,0,0,0,0,4,0,0,7,0,0)
150:(0,1,4,4,0,0,0,0,6,0,0,0,0,0)
151:(0,1,4,4,0,0,0,0,6,0,0,1,0,0)
152:(0,1,4,4,0,0,0,0,6,0,0,3,0,0)
153:(0,1,4,4,0,0,0,0,6,0,0,5,0,0)
154:(0,1,4,4,0,0,0,0,6,0,0,7,0,0)
155:(0,1,4,4,0,0,0,0,8,0,0,0,0,0)
156:(0,1,4,4,0,0,0,0,8,0,0,1,0,0)
157:(0,1,4,4,0,0,0,0,8,0,0,3,0,0)
158:(0,1,4,4,0,0,0,0,8,0,0,5,0,0)
159:(0,1,4,4,0,0,0,0,8,0,0,7,0,0)
160:(0,1,4,7,0,0,0,0,0,0,0,1,0,0)
161:(0,1,4,7,0,0,0,0,0,0,0,3,0,0)
162:(0,1,4,7,0,0,0,0,0,0,0,5,0,0)
163:(0,1,4,7,0,0,0,0,0,0,0,7,0,0)
164:(0,1,4,7,0,0,0,0,2,0,0,0,0,0)
165:(0,1,4,7,0,0,0,0,2,0,0,1,0,0)
166:(0,1,4,7,0,0,0,0,4,0,0,0,0,0)
167:(0,1,4,7,0,0,0,0,4,0,0,1,0,0)
168:(0,1,4,7,0,0,0,0,6,0,0,0,0,0)
169:(0,1,4,7,0,0,0,0,6,0,0,1,0,0)
170:(0,1,4,7,0,0,0,0,8,0,0,0,0,0)
171:(0,1,4,7,0,0,0,0,8,0,0,1,0,0)
172:(0,1,4,7,0,0,0,0,10,0,0,0,0,0)
173:(0,1,4,7,0,0,0,0,10,0,0,1,0,0)
174:(0,1,6,0,0,0,0,0,2,0,0,0,0,0)
175:(0,1,6,0,0,0,0,0,4,0,0,0,0,0)
176:(0,1,6,0,0,0,0,0,6,0,0,0,0,0)
177:(0,1,6,0,0,0,0,0,8,0,0,0,0,0)
178:(0,1,6,0,0,0,0,0,10,0,0,0,0,0)
179:(0,1,6,3,0,0,0,0,2,0,0,0,0,0)
180:(0,1,6,3,0,0,0,0,4,0,0,0,0,0)
181:(0,1,6,4,0,0,0,0,2,0,0,0,0,0)
182:(0,1,6,4,0,0,0,0,4,0,0,0,0,0)
183:(0,1,6,4,0,0,0,0,6,0,0,0,0,0)
184:(0,1,6,4,0,0,0,0,8,0,0,0,0,0)
185:(0,1,6,4,0,0,0,0,10,0,0,0,0,0)
186:(0,1,6,7,0,0,0,0,2,0,0,0,0,0)
187:(0,1,6,7,0,0,0,0,4,0,0,0,0,0)
188:(0,1,6,7,0,0,0,0,6,0,0,0,0,0)
189:(0,1,6,7,0,0,0,0,8,0,0,0,0,0)
190:(0,1,6,7,0,0,0,0,10,0,0,0,0,0)
191:(0,1,7,0,0,0,0,0,0,0,0,1,0,0)
192:(0,1,7,0,0,0,0,0,0,0,0,3,0,0)
193:(0,1,7,0,0,0,0,0,0,0,0,5,0,0)
194:(0,1,7,0,0,0,0,0,0,0,0,7,0,0)
195:(0,1,7,0,0,0,0,0,2,0,0,0,0,0)
196:(0,1,7,0,0,0,0,0,2,0,0,1,0,0)
197:(0,1,7,0,0,0,0,0,2,0,0,3,0,0)
198:(0,1,7,0,0,0,0,0,2,0,0,5,0,0)
199:(0,1,7,0,0,0,0,0,2,0,0,7,0,0)
200:(0,1,7,0,0,0,0,0,4,0,0,0,0,0)
201:(0,1,7,0,0,0,0,0,4,0,0,1,0,0)
202:(0,1,7,0,0,0,0,0,4,0,0,5,0,0)
203:(0,1,7,0,0,0,0,0,6,0,0,0,0,0)
204:(0,1,7,0,0,0,0,0,6,0,0,1,0,0)
205:(0,1,7,0,0,0,0,0,6,0,0,3,0,0)
206:(0,1,7,0,0,0,0,0,6,0,0,5,0,0)
207:(0,1,7,0,0,0,0,0,6,0,0,7,0,0)
208:(0,1,7,0,0,0,0,0,8,0,0,0,0,0)
209:(0,1,7,0,0,0,0,0,8,0,0,1,0,0)
210:(0,1,7,0,0,0,0,0,8,0,0,5,0,0)
211:(0,1,7,0,0,0,0,0,10,0,0,0,0,0)
212:(0,1,7,0,0,0,0,0,10,0,0,1,0,0)
213:(0,1,7,0,0,0,0,0,10,0,0,3,0,0)
214:(0,1,7,0,0,0,0,0,10,0,0,5,0,0)
215:(0,1,7,0,0,0,0,0,10,0,0,7,0,0)
216:(0,1,7,3,0,0,0,0,2,0,0,0,0,0)
217:(0,1,7,3,0,0,0,0,4,0,0,0,0,0)
218:(0,1,7,3,0,0,0,0,6,0,0,0,0,0)
219:(0,1,7,4,0,0,0,0,0,0,0,1,0,0)
220:(0,1,7,4,0,0,0,0,0,0,0,3,0,0)
221:(0,1,7,4,0,0,0,0,0,0,0,5,0,0)
222:(0,1,7,4,0,0,0,0,0,0,0,7,0,0)
223:(0,1,7,4,0,0,0,0,2,0,0,0,0,0)
224:(0,1,7,4,0,0,0,0,2,0,0,1,0,0)
225:(0,1,7,4,0,0,0,0,2,0,0,3,0,0)
226:(0,1,7,4,0,0,0,0,2,0,0,5,0,0)
227:(0,1,7,4,0,0,0,0,2,0,0,7,0,0)
228:(0,1,7,4,0,0,0,0,4,0,0,0,0,0)
229:(0,1,7,4,0,0,0,0,4,0,0,1,0,0)
230:(0,1,7,4,0,0,0,0,4,0,0,3,0,0)
231:(0,1,7,4,0,0,0,0,4,0,0,5,0,0)
232:(0,1,7,4,0,0,0,0,4,0,0,7,0,0)
233:(0,1,7,4,0,0,0,0,6,0,0,0,0,0)
234:(0,1,7,4,0,0,0,0,6,0,0,1,0,0)
235:(0,1,7,4,0,0,0,0,6,0,0,3,0,0)
236:(0,1,7,4,0,0,0,0,6,0,0,5,0,0)
237:(0,1,7,4,0,0,0,0,6,0,0,7,0,0)
238:(0,1,7,4,0,0,0,0,8,0,0,0,0,0)
239:(0,1,7,4,0,0,0,0,8,0,0,1,0,0)
240:(0,1,7,4,0,0,0,0,8,0,0,3,0,0)
241:(0,1,7,4,0,0,0,0,8,0,0,5,0,0)
242:(0,1,7,4,0,0,0,0,8,0,0,7,0,0)
243:(0,1,7,7,0,0,0,0,0,0,0,1,0,0)
244:(0,1,7,7,0,0,0,0,0,0,0,3,0,0)
245:(0,1,7,7,0,0,0,0,0,0,0,5,0,0)
246:(0,1,7,7,0,0,0,0,0,0,0,7,0,0)
247:(0,1,7,7,0,0,0,0,2,0,0,0,0,0)
248:(0,1,7,7,0,0,0,0,2,0,0,1,0,0)
249:(0,1,7,7,0,0,0,0,4,0,0,0,0,0)
250:(0,1,7,7,0,0,0,0,4,0,0,1,0,0)
251:(0,1,7,7,0,0,0,0,6,0,0,0,0,0)
252:(0,1,7,7,0,0,0,0,6,0,0,1,0,0)
253:(0,1,7,7,0,0,0,0,8,0,0,0,0,0)
254:(0,1,7,7,0,0,0,0,8,0,0,1,0,0)
255:(0,1,7,7,0,0,0,0,10,0,0,0,0,0)
256:(0,1,7,7,0,0,0,0,10,0,0,1,0,0)
257:(0,1,10,0,0,0,0,0,0,0,0,1,0,0)
258:(0,1,10,0,0,0,0,0,0,0,0,3,0,0)
259:(0,1,10,0,0,0,0,0,0,0,0,5,0,0)
260:(0,1,10,0,0,0,0,0,0,0,0,7,0,0)
261:(0,1,10,0,0,0,0,0,2,0,0,0,0,0)
262:(0,1,10,0,0,0,0,0,2,0,0,1,0,0)
263:(0,1,10,0,0,0,0,0,2,0,0,3,0,0)
264:(0,1,10,0,0,0,0,0,2,0,0,5,0,0)
265:(0,1,10,0,0,0,0,0,2,0,0,7,0,0)
266:(0,1,10,0,0,0,0,0,4,0,0,0,0,0)
267:(0,1,10,0,0,0,0,0,4,0,0,1,0,0)
268:(0,1,10,0,0,0,0,0,4,0,0,5,0,0)
269:(0,1,10,0,0,0,0,0,6,0,0,0,0,0)
270:(0,1,10,0,0,0,0,0,6,0,0,1,0,0)
271:(0,1,10,0,0,0,0,0,6,0,0,3,0,0)
272:(0,1,10,0,0,0,0,0,6,0,0,5,0,0)
273:(0,1,10,0,0,0,0,0,6,0,0,7,0,0)
274:(0,1,10,0,0,0,0,0,8,0,0,0,0,0)
275:(0,1,10,0,0,0,0,0,8,0,0,1,0,0)
276:(0,1,10,0,0,0,0,0,8,0,0,5,0,0)
277:(0,1,10,0,0,0,0,0,10,0,0,0,0,0)
278:(0,1,10,0,0,0,0,0,10,0,0,1,0,0)
279:(0,1,10,0,0,0,0,0,10,0,0,3,0,0)
280:(0,1,10,0,0,0,0,0,10,0,0,5,0,0)
281:(0,1,10,0,0,0,0,0,10,0,0,7,0,0)
282:(0,1,10,3,0,0,0,0,2,0,0,0,0,0)
283:(0,1,10,3,0,0,0,0,4,0,0,0,0,0)
284:(0,1,10,3,0,0,0,0,6,0,0,0,0,0)
285:(0,1,10,4,0,0,0,0,0,0,0,1,0,0)
286:(0,1,10,4,0,0,0,0,0,0,0,3,0,0)
287:(0,1,10,4,0,0,0,0,0,0,0,5,0,0)
288:(0,1,10,4,0,0,0,0,0,0,0,7,0,0)
289:(0,1,10,4,0,0,0,0,2,0,0,0,0,0)
290:(0,1,10,4,0,0,0,0,2,0,0,1,0,0)
291:(0,1,10,4,0,0,0,0,2,0,0,3,0,0)
292:(0,1,10,4,0,0,0,0,2,0,0,5,0,0)
293:(0,1,10,4,0,0,0,0,2,0,0,7,0,0)
294:(0,1,10,4,0,0,0,0,4,0,0,0,0,0)
295:(0,1,10,4,0,0,0,0,4,0,0,1,0,0)
296:(0,1,10,4,0,0,0,0,4,0,0,3,0,0)
297:(0,1,10,4,0,0,0,0,4,0,0,5,0,0)
298:(0,1,10,4,0,0,0,0,4,0,0,7,0,0)
299:(0,1,10,4,0,0,0,0,6,0,0,0,0,0)
300:(0,1,10,4,0,0,0,0,6,0,0,1,0,0)
301:(0,1,10,4,0,0,0,0,6,0,0,3,0,0)
302:(0,1,10,4,0,0,0,0,6,0,0,5,0,0)
303:(0,1,10,4,0,0,0,0,6,0,0,7,0,0)
304:(0,1,10,4,0,0,0,0,8,0,0,0,0,0)
305:(0,1,10,4,0,0,0,0,8,0,0,1,0,0)
306:(0,1,10,4,0,0,0,0,8,0,0,3,0,0)
307:(0,1,10,4,0,0,0,0,8,0,0,5,0,0)
308:(0,1,10,4,0,0,0,0,8,0,0,7,0,0)
309:(0,1,10,4,0,0,0,0,10,0,0,0,0,0)
310:(0,1,10,4,0,0,0,0,10,0,0,1,0,0)
311:(0,1,10,4,0,0,0,0,10,0,0,3,0,0)
312:(0,1,10,4,0,0,0,0,10,0,0,5,0,0)
313:(0,1,10,4,0,0,0,0,10,0,0,7,0,0)
314:(0,1,10,7,0,0,0,0,0,0,0,1,0,0)
315:(0,1,10,7,0,0,0,0,0,0,0,3,0,0)
316:(0,1,10,7,0,0,0,0,0,0,0,5,0,0)
317:(0,1,10,7,0,0,0,0,0,0,0,7,0,0)
318:(0,1,10,7,0,0,0,0,2,0,0,0,0,0)
319:(0,1,10,7,0,0,0,0,2,0,0,1,0,0)
320:(0,1,10,7,0,0,0,0,2,0,0,3,0,0)
321:(0,1,10,7,0,0,0,0,2,0,0,5,0,0)
322:(0,1,10,7,0,0,0,0,2,0,0,7,0,0)
323:(0,1,10,7,0,0,0,0,4,0,0,0,0,0)
324:(0,1,10,7,0,0,0,0,4,0,0,1,0,0)
325:(0,1,10,7,0,0,0,0,4,0,0,3,0,0)
326:(0,1,10,7,0,0,0,0,4,0,0,5,0,0)
327:(0,1,10,7,0,0,0,0,4,0,0,7,0,0)
328:(0,1,10,7,0,0,0,0,6,0,0,0,0,0)
329:(0,1,10,7,0,0,0,0,6,0,0,1,0,0)
330:(0,1,10,7,0,0,0,0,6,0,0,3,0,0)
331:(0,1,10,7,0,0,0,0,6,0,0,5,0,0)
332:(0,1,10,7,0,0,0,0,6,0,0,7,0,0)
333:(0,1,10,7,0,0,0,0,8,0,0,0,0,0)
334:(0,1,10,7,0,0,0,0,8,0,0,1,0,0)
335:(0,1,10,7,0,0,0,0,8,0,0,3,0,0)
336:(0,1,10,7,0,0,0,0,8,0,0,5,0,0)
337:(0,1,10,7,0,0,0,0,8,0,0,7,0,0)
338:(0,1,10,7,0,0,0,0,10,0,0,0,0,0)
339:(0,1,10,7,0,0,0,0,10,0,0,1,0,0)
340:(0,1,10,7,0,0,0,0,10,0,0,3,0,0)
341:(0,1,10,7,0,0,0,0,10,0,0,5,0,0)
342:(0,1,10,7,0,0,0,0,10,0,0,7,0,0)
343:(0,2,0,3,0,0,0,0,0,0,0,0,0,0)
344:(0,2,0,3,0,0,0,0,2,0,0,0,0,0)
345:(0,2,0,3,0,0,0,0,4,0,0,0,0,0)
346:(0,2,0,3,0,0,0,0,6,0,0,0,0,0)
347:(0,2,0,3,0,0,0,0,8,0,0,0,0,0)
348:(0,2,0,3,0,0,0,0,10,0,0,0,0,0)
349:(0,2,0,4,0,0,0,0,0,0,0,0,0,0)
350:(0,2,0,4,0,0,0,0,0,0,0,1,0,0)
351:(0,2,0,4,0,0,0,0,0,0,0,3,0,0)
352:(0,2,0,4,0,0,0,0,0,0,0,5,0,0)
353:(0,2,0,4,0,0,0,0,0,0,0,7,0,0)
354:(0,2,0,4,0,0,0,0,2,0,0,0,0,0)
355:(0,2,0,4,0,0,0,0,2,0,0,1,0,0)
356:(0,2,0,4,0,0,0,0,2,0,0,3,0,0)
357:(0,2,0,4,0,0,0,0,2,0,0,5,0,0)
358:(0,2,0,4,0,0,0,0,2,0,0,7,0,0)
359:(0,2,0,4,0,0,0,0,4,0,0,0,0,0)
360:(0,2,0,4,0,0,0,0,4,0,0,1,0,0)
361:(0,2,0,4,0,0,0,0,4,0,0,3,0,0)
362:(0,2,0,4,0,0,0,0,4,0,0,5,0,0)
363:(0,2,0,4,0,0,0,0,4,0,0,7,0,0)
364:(0,2,0,4,0,0,0,0,6,0,0,0,0,0)
365:(0,2,0,4,0,0,0,0,6,0,0,1,0,0)
366:(0,2,0,4,0,0,0,0,6,0,0,3,0,0)
367:(0,2,0,4,0,0,0,0,8,0,0,0,0,0)
368:(0,2,0,4,0,0,0,0,8,0,0,1,0,0)
369:(0,2,0,4,0,0,0,0,8,0,0,3,0,0)
370:(0,2,0,4,0,0,0,0,10,0,0,0,0,0)
371:(0,2,0,4,0,0,0,0,10,0,0,1,0,0)
372:(0,2,0,7,0,0,0,0,0,0,0,0,0,0)
373:(0,2,0,7,0,0,0,0,0,0,0,1,0,0)
374:(0,2,0,7,0,0,0,0,0,0,0,3,0,0)
375:(0,2,0,7,0,0,0,0,0,0,0,5,0,0)
376:(0,2,0,7,0,0,0,0,0,0,0,7,0,0)
377:(0,2,0,7,0,0,0,0,2,0,0,0,0,0)
378:(0,2,0,7,0,0,0,0,2,0,0,1,0,0)
379:(0,2,0,7,0,0,0,0,4,0,0,0,0,0)
380:(0,2,0,7,0,0,0,0,4,0,0,1,0,0)
381:(0,2,0,7,0,0,0,0,6,0,0,0,0,0)
382:(0,2,0,7,0,0,0,0,6,0,0,1,0,0)
383:(0,2,0,7,0,0,0,0,8,0,0,0,0,0)
384:(0,2,0,7,0,0,0,0,8,0,0,1,0,0)
385:(0,2,0,7,0,0,0,0,10,0,0,0,0,0)
386:(0,2,0,7,0,0,0,0,10,0,0,1,0,0)
387:(0,2,2,0,0,0,0,0,0,0,0,0,0,0)
388:(0,2,2,0,0,0,0,0,2,0,0,0,0,0)
389:(0,2,2,0,0,0,0,0,4,0,0,0,0,0)
390:(0,2,2,0,0,0,0,0,6,0,0,0,0,0)
391:(0,2,2,0,0,0,0,0,8,0,0,0,0,0)
392:(0,2,2,0,0,0,0,0,10,0,0,0,0,0)
393:(0,2,2,3,0,0,0,0,0,0,0,0,0,0)
394:(0,2,2,3,0,0,0,0,2,0,0,0,0,0)
395:(0,2,2,3,0,0,0,0,4,0,0,0,0,0)
396:(0,2,2,4,0,0,0,0,0,0,0,0,0,0)
397:(0,2,2,4,0,0,0,0,2,0,0,0,0,0)
398:(0,2,2,4,0,0,0,0,4,0,0,0,0,0)
399:(0,2,2,4,0,0,0,0,6,0,0,0,0,0)
400:(0,2,2,4,0,0,0,0,8,0,0,0,0,0)
401:(0,2,2,4,0,0,0,0,10,0,0,0,0,0)
402:(0,2,2,7,0,0,0,0,0,0,0,0,0,0)
403:(0,2,2,7,0,0,0,0,2,0,0,0,0,0)
404:(0,2,2,7,0,0,0,0,4,0,0,0,0,0)
405:(0,2,2,7,0,0,0,0,6,0,0,0,0,0)
406:(0,2,2,7,0,0,0,0,8,0,0,0,0,0)
407:(0,2,2,7,0,0,0,0,10,0,0,0,0,0)
408:(0,2,3,0,0,0,0,0,0,0,0,0,0,0)
409:(0,2,3,0,0,0,0,0,2,0,0,0,0,0)
410:(0,2,3,0,0,0,0,0,4,0,0,0,0,0)
411:(0,2,3,0,0,0,0,0,6,0,0,0,0,0)
412:(0,2,3,0,0,0,0,0,8,0,0,0,0,0)
413:(0,2,3,0,0,0,0,0,10,0,0,0,0,0)
414:(0,2,3,3,0,0,0,0,0,0,0,0,0,0)
415:(0,2,3,3,0,0,0,0,2,0,0,0,0,0)
416:(0,2,3,3,0,0,0,0,4,0,0,0,0,0)
417:(0,2,3,3,0,0,0,0,6,0,0,0,0,0)
418:(0,2,3,4,0,0,0,0,0,0,0,0,0,0)
419:(0,2,3,4,0,0,0,0,2,0,0,0,0,0)
420:(0,2,3,4,0,0,0,0,4,0,0,0,0,0)
421:(0,2,3,4,0,0,0,0,6,0,0,0,0,0)
422:(0,2,3,4,0,0,0,0,8,0,0,0,0,0)
423:(0,2,3,7,0,0,0,0,0,0,0,0,0,0)
424:(0,2,3,7,0,0,0,0,2,0,0,0,0,0)
425:(0,2,3,7,0,0,0,0,4,0,0,0,0,0)
426:(0,2,3,7,0,0,0,0,6,0,0,0,0,0)
427:(0,2,3,7,0,0,0,0,8,0,0,0,0,0)
428:(0,2,3,7,0,0,0,0,10,0,0,0,0,0)
429:(0,2,4,0,0,0,0,0,0,0,0,0,0,0)
430:(0,2,4,0,0,0,0,0,0,0,0,1,0,0)
431:(0,2,4,0,0,0,0,0,0,0,0,3,0,0)
432:(0,2,4,0,0,0,0,0,0,0,0,5,0,0)
433:(0,2,4,0,0,0,0,0,0,0,0,7,0,0)
434:(0,2,4,0,0,0,0,0,2,0,0,0,0,0)
435:(0,2,4,0,0,0,0,0,2,0,0,1,0,0)
436:(0,2,4,0,0,0,0,0,2,0,0,3,0,0)
437:(0,2,4,0,0,0,0,0,2,0,0,5,0,0)
438:(0,2,4,0,0,0,0,0,2,0,0,7,0,0)
439:(0,2,4,0,0,0,0,0,4,0,0,0,0,0)
440:(0,2,4,0,0,0,0,0,4,0,0,1,0,0)
441:(0,2,4,0,0,0,0,0,4,0,0,3,0,0)
442:(0,2,4,0,0,0,0,0,4,0,0,5,0,0)
443:(0,2,4,0,0,0,0,0,4,0,0,7,0,0)
444:(0,2,4,0,0,0,0,0,6,0,0,0,0,0)
445:(0,2,4,0,0,0,0,0,6,0,0,1,0,0)
446:(0,2,4,0,0,0,0,0,6,0,0,3,0,0)
447:(0,2,4,0,0,0,0,0,6,0,0,5,0,0)
448:(0,2,4,0,0,0,0,0,6,0,0,7,0,0)
449:(0,2,4,0,0,0,0,0,8,0,0,0,0,0)
450:(0,2,4,0,0,0,0,0,8,0,0,1,0,0)
451:(0,2,4,0,0,0,0,0,8,0,0,3,0,0)
452:(0,2,4,0,0,0,0,0,8,0,0,5,0,0)
453:(0,2,4,0,0,0,0,0,8,0,0,7,0,0)
454:(0,2,4,0,0,0,0,0,10,0,0,0,0,0)
455:(0,2,4,0,0,0,0,0,10,0,0,1,0,0)
456:(0,2,4,0,0,0,0,0,10,0,0,3,0,0)
457:(0,2,4,0,0,0,0,0,10,0,0,5,0,0)
458:(0,2,4,0,0,0,0,0,10,0,0,7,0,0)
459:(0,2,4,3,0,0,0,0,0,0,0,0,0,0)
460:(0,2,4,3,0,0,0,0,2,0,0,0,0,0)
461:(0,2,4,3,0,0,0,0,4,0,0,0,0,0)
462:(0,2,4,4,0,0,0,0,0,0,0,0,0,0)
463:(0,2,4,4,0,0,0,0,0,0,0,1,0,0)
464:(0,2,4,4,0,0,0,0,0,0,0,3,0,0)
465:(0,2,4,4,0,0,0,0,0,0,0,5,0,0)
466:(0,2,4,4,0,0,0,0,0,0,0,7,0,0)
467:(0,2,4,4,0,0,0,0,2,0,0,0,0,0)
468:(0,2,4,4,0,0,0,0,2,0,0,1,0,0)
469:(0,2,4,4,0,0,0,0,2,0,0,3,0,0)
470:(0,2,4,4,0,0,0,0,2,0,0,5,0,0)
471:(0,2,4,4,0,0,0,0,2,0,0,7,0,0)
472:(0,2,4,4,0,0,0,0,4,0,0,0,0,0)
473:(0,2,4,4,0,0,0,0,4,0,0,1,0,0)
474:(0,2,4,4,0,0,0,0,4,0,0,3,0,0)
475:(0,2,4,4,0,0,0,0,4,0,0,5,0,0)
476:(0,2,4,4,0,0,0,0,4,0,0,7,0,0)
477:(0,2,4,4,0,0,0,0,6,0,0,0,0,0)
478:(0,2,4,4,0,0,0,0,6,0,0,1,0,0)
479:(0,2,4,4,0,0,0,0,6,0,0,3,0,0)
480:(0,2,4,4,0,0,0,0,6,0,0,5,0,0)
481:(0,2,4,4,0,0,0,0,6,0,0,7,0,0)
482:(0,2,4,4,0,0,0,0,8,0,0,0,0,0)
483:(0,2,4,4,0,0,0,0,8,0,0,1,0,0)
484:(0,2,4,4,0,0,0,0,8,0,0,3,0,0)
485:(0,2,4,4,0,0,0,0,8,0,0,5,0,0)
486:(0,2,4,4,0,0,0,0,8,0,0,7,0,0)
487:(0,2,4,7,0,0,0,0,0,0,0,0,0,0)
488:(0,2,4,7,0,0,0,0,0,0,0,1,0,0)
489:(0,2,4,7,0,0,0,0,0,0,0,3,0,0)
490:(0,2,4,7,0,0,0,0,0,0,0,5,0,0)
491:(0,2,4,7,0,0,0,0,0,0,0,7,0,0)
492:(0,2,4,7,0,0,0,0,2,0,0,0,0,0)
493:(0,2,4,7,0,0,0,0,2,0,0,1,0,0)
494:(0,2,4,7,0,0,0,0,4,0,0,0,0,0)
495:(0,2,4,7,0,0,0,0,4,0,0,1,0,0)
496:(0,2,4,7,0,0,0,0,6,0,0,0,0,0)
497:(0,2,4,7,0,0,0,0,6,0,0,1,0,0)
498:(0,2,4,7,0,0,0,0,8,0,0,0,0,0)
499:(0,2,4,7,0,0,0,0,8,0,0,1,0,0)
500:(0,2,4,7,0,0,0,0,10,0,0,0,0,0)
501:(0,2,4,7,0,0,0,0,10,0,0,1,0,0)
502:(0,2,6,0,0,0,0,0,0,0,0,0,0,0)
503:(0,2,6,0,0,0,0,0,2,0,0,0,0,0)
504:(0,2,6,0,0,0,0,0,4,0,0,0,0,0)
505:(0,2,6,0,0,0,0,0,6,0,0,0,0,0)
506:(0,2,6,0,0,0,0,0,8,0,0,0,0,0)
507:(0,2,6,0,0,0,0,0,10,0,0,0,0,0)
508:(0,2,6,3,0,0,0,0,0,0,0,0,0,0)
509:(0,2,6,3,0,0,0,0,2,0,0,0,0,0)
510:(0,2,6,3,0,0,0,0,4,0,0,0,0,0)
511:(0,2,6,4,0,0,0,0,0,0,0,0,0,0)
512:(0,2,6,4,0,0,0,0,2,0,0,0,0,0)
513:(0,2,6,4,0,0,0,0,4,0,0,0,0,0)
514:(0,2,6,4,0,0,0,0,6,0,0,0,0,0)
515:(0,2,6,4,0,0,0,0,8,0,0,0,0,0)
516:(0,2,6,4,0,0,0,0,10,0,0,0,0,0)
517:(0,2,6,7,0,0,0,0,0,0,0,0,0,0)
518:(0,2,6,7,0,0,0,0,2,0,0,0,0,0)
519:(0,2,6,7,0,0,0,0,4,0,0,0,0,0)
520:(0,2,6,7,0,0,0,0,6,0,0,0,0,0)
521:(0,2,6,7,0,0,0,0,8,0,0,0,0,0)
522:(0,2,6,7,0,0,0,0,10,0,0,0,0,0)
523:(0,2,7,0,0,0,0,0,0,0,0,0,0,0)
524:(0,2,7,0,0,0,0,0,0,0,0,1,0,0)
525:(0,2,7,0,0,0,0,0,0,0,0,3,0,0)
526:(0,2,7,0,0,0,0,0,0,0,0,5,0,0)
527:(0,2,7,0,0,0,0,0,0,0,0,7,0,0)
528:(0,2,7,0,0,0,0,0,2,0,0,0,0,0)
529:(0,2,7,0,0,0,0,0,2,0,0,1,0,0)
530:(0,2,7,0,0,0,0,0,2,0,0,3,0,0)
531:(0,2,7,0,0,0,0,0,2,0,0,5,0,0)
532:(0,2,7,0,0,0,0,0,2,0,0,7,0,0)
533:(0,2,7,0,0,0,0,0,4,0,0,0,0,0)
534:(0,2,7,0,0,0,0,0,4,0,0,1,0,0)
535:(0,2,7,0,0,0,0,0,4,0,0,5,0,0)
536:(0,2,7,0,0,0,0,0,6,0,0,0,0,0)
537:(0,2,7,0,0,0,0,0,6,0,0,1,0,0)
538:(0,2,7,0,0,0,0,0,6,0,0,3,0,0)
539:(0,2,7,0,0,0,0,0,6,0,0,5,0,0)
540:(0,2,7,0,0,0,0,0,6,0,0,7,0,0)
541:(0,2,7,0,0,0,0,0,8,0,0,0,0,0)
542:(0,2,7,0,0,0,0,0,8,0,0,1,0,0)
543:(0,2,7,0,0,0,0,0,8,0,0,5,0,0)
544:(0,2,7,0,0,0,0,0,10,0,0,0,0,0)
545:(0,2,7,0,0,0,0,0,10,0,0,1,0,0)
546:(0,2,7,0,0,0,0,0,10,0,0,3,0,0)
547:(0,2,7,0,0,0,0,0,10,0,0,5,0,0)
548:(0,2,7,0,0,0,0,0,10,0,0,7,0,0)
549:(0,2,7,3,0,0,0,0,0,0,0,0,0,0)
550:(0,2,7,3,0,0,0,0,2,0,0,0,0,0)
551:(0,2,7,3,0,0,0,0,4,0,0,0,0,0)
552:(0,2,7,3,0,0,0,0,6,0,0,0,0,0)
553:(0,2,7,4,0,0,0,0,0,0,0,0,0,0)
554:(0,2,7,4,0,0,0,0,0,0,0,1,0,0)
555:(0,2,7,4,0,0,0,0,0,0,0,3,0,0)
556:(0,2,7,4,0,0,0,0,0,0,0,5,0,0)
557:(0,2,7,4,0,0,0,0,0,0,0,7,0,0)
558:(0,2,7,4,0,0,0,0,2,0,0,0,0,0)
559:(0,2,7,4,0,0,0,0,2,0,0,1,0,0)
560:(0,2,7,4,0,0,0,0,2,0,0,3,0,0)
561:(0,2,7,4,0,0,0,0,2,0,0,5,0,0)
562:(0,2,7,4,0,0,0,0,2,0,0,7,0,0)
563:(0,2,7,4,0,0,0,0,4,0,0,0,0,0)
564:(0,2,7,4,0,0,0,0,4,0,0,1,0,0)
565:(0,2,7,4,0,0,0,0,4,0,0,3,0,0)
566:(0,2,7,4,0,0,0,0,4,0,0,5,0,0)
567:(0,2,7,4,0,0,0,0,4,0,0,7,0,0)
568:(0,2,7,4,0,0,0,0,6,0,0,0,0,0)
569:(0,2,7,4,0,0,0,0,6,0,0,1,0,0)
570:(0,2,7,4,0,0,0,0,6,0,0,3,0,0)
571:(0,2,7,4,0,0,0,0,6,0,0,5,0,0)
572:(0,2,7,4,0,0,0,0,6,0,0,7,0,0)
573:(0,2,7,4,0,0,0,0,8,0,0,0,0,0)
574:(0,2,7,4,0,0,0,0,8,0,0,1,0,0)
575:(0,2,7,4,0,0,0,0,8,0,0,3,0,0)
576:(0,2,7,4,0,0,0,0,8,0,0,5,0,0)
577:(0,2,7,4,0,0,0,0,8,0,0,7,0,0)
578:(0,2,7,7,0,0,0,0,0,0,0,0,0,0)
579:(0,2,7,7,0,0,0,0,0,0,0,1,0,0)
580:(0,2,7,7,0,0,0,0,0,0,0,3,0,0)
581:(0,2,7,7,0,0,0,0,0,0,0,5,0,0)
582:(0,2,7,7,0,0,0,0,0,0,0,7,0,0)
583:(0,2,7,7,0,0,0,0,2,0,0,0,0,0)
584:(0,2,7,7,0,0,0,0,2,0,0,1,0,0)
585:(0,2,7,7,0,0,0,0,4,0,0,0,0,0)
586:(0,2,7,7,0,0,0,0,4,0,0,1,0,0)
587:(0,2,7,7,0,0,0,0,6,0,0,0,0,0)
588:(0,2,7,7,0,0,0,0,6,0,0,1,0,0)
589:(0,2,7,7,0,0,0,0,8,0,0,0,0,0)
590:(0,2,7,7,0,0,0,0,8,0,0,1,0,0)
591:(0,2,7,7,0,0,0,0,10,0,0,0,0,0)
592:(0,2,7,7,0,0,0,0,10,0,0,1,0,0)
593:(0,2,10,0,0,0,0,0,0,0,0,0,0,0)
594:(0,2,10,0,0,0,0,0,0,0,0,1,0,0)
595:(0,2,10,0,0,0,0,0,0,0,0,3,0,0)
596:(0,2,10,0,0,0,0,0,0,0,0,5,0,0)
597:(0,2,10,0,0,0,0,0,0,0,0,7,0,0)
598:(0,2,10,0,0,0,0,0,2,0,0,0,0,0)
599:(0,2,10,0,0,0,0,0,2,0,0,1,0,0)
600:(0,2,10,0,0,0,0,0,2,0,0,3,0,0)
601:(0,2,10,0,0,0,0,0,2,0,0,5,0,0)
602:(0,2,10,0,0,0,0,0,2,0,0,7,0,0)
603:(0,2,10,0,0,0,0,0,4,0,0,0,0,0)
604:(0,2,10,0,0,0,0,0,4,0,0,1,0,0)
605:(0,2,10,0,0,0,0,0,4,0,0,5,0,0)
606:(0,2,10,0,0,0,0,0,6,0,0,0,0,0)
607:(0,2,10,0,0,0,0,0,6,0,0,1,0,0)
608:(0,2,10,0,0,0,0,0,6,0,0,3,0,0)
609:(0,2,10,0,0,0,0,0,6,0,0,5,0,0)
610:(0,2,10,0,0,0,0,0,6,0,0,7,0,0)
611:(0,2,10,0,0,0,0,0,8,0,0,0,0,0)
612:(0,2,10,0,0,0,0,0,8,0,0,1,0,0)
613:(0,2,10,0,0,0,0,0,8,0,0,5,0,0)
614:(0,2,10,0,0,0,0,0,10,0,0,0,0,0)
615:(0,2,10,0,0,0,0,0,10,0,0,1,0,0)
616:(0,2,10,0,0,0,0,0,10,0,0,3,0,0)
617:(0,2,10,0,0,0,0,0,10,0,0,5,0,0)
618:(0,2,10,0,0,0,0,0,10,0,0,7,0,0)
619:(0,2,10,3,0,0,0,0,0,0,0,0,0,0)
620:(0,2,10,3,0,0,0,0,2,0,0,0,0,0)
621:(0,2,10,3,0,0,0,0,4,0,0,0,0,0)
622:(0,2,10,3,0,0,0,0,6,0,0,0,0,0)
623:(0,2,10,4,0,0,0,0,0,0,0,0,0,0)
624:(0,2,10,4,0,0,0,0,0,0,0,1,0,0)
625:(0,2,10,4,0,0,0,0,0,0,0,3,0,0)
626:(0,2,10,4,0,0,0,0,0,0,0,5,0,0)
627:(0,2,10,4,0,0,0,0,0,0,0,7,0,0)
628:(0,2,10,4,0,0,0,0,2,0,0,0,0,0)
629:(0,2,10,4,0,0,0,0,2,0,0,1,0,0)
630:(0,2,10,4,0,0,0,0,2,0,0,3,0,0)
631:(0,2,10,4,0,0,0,0,2,0,0,5,0,0)
632:(0,2,10,4,0,0,0,0,2,0,0,7,0,0)
633:(0,2,10,4,0,0,0,0,4,0,0,0,0,0)
634:(0,2,10,4,0,0,0,0,4,0,0,1,0,0)
635:(0,2,10,4,0,0,0,0,4,0,0,3,0,0)
636:(0,2,10,4,0,0,0,0,4,0,0,5,0,0)
637:(0,2,10,4,0,0,0,0,4,0,0,7,0,0)
638:(0,2,10,4,0,0,0,0,6,0,0,0,0,0)
639:(0,2,10,4,0,0,0,0,6,0,0,1,0,0)
640:(0,2,10,4,0,0,0,0,6,0,0,3,0,0)
641:(0,2,10,4,0,0,0,0,6,0,0,5,0,0)
642:(0,2,10,4,0,0,0,0,6,0,0,7,0,0)
643:(0,2,10,4,0,0,0,0,8,0,0,0,0,0)
644:(0,2,10,4,0,0,0,0,8,0,0,1,0,0)
645:(0,2,10,4,0,0,0,0,8,0,0,3,0,0)
646:(0,2,10,4,0,0,0,0,8,0,0,5,0,0)
647:(0,2,10,4,0,0,0,0,8,0,0,7,0,0)
648:(0,2,10,4,0,0,0,0,10,0,0,0,0,0)
649:(0,2,10,4,0,0,0,0,10,0,0,1,0,0)
650:(0,2,10,4,0,0,0,0,10,0,0,3,0,0)
651:(0,2,10,4,0,0,0,0,10,0,0,5,0,0)
652:(0,2,10,4,0,0,0,0,10,0,0,7,0,0)
653:(0,2,10,7,0,0,0,0,0,0,0,0,0,0)
654:(0,2,10,7,0,0,0,0,0,0,0,1,0,0)
655:(0,2,10,7,0,0,0,0,0,0,0,3,0,0)
656:(0,2,10,7,0,0,0,0,0,0,0,5,0,0)
657:(0,2,10,7,0,0,0,0,0,0,0,7,0,0)
658:(0,2,10,7,0,0,0,0,2,0,0,0,0,0)
659:(0,2,10,7,0,0,0,0,2,0,0,1,0,0)
660:(0,2,10,7,0,0,0,0,2,0,0,3,0,0)
661:(0,2,10,7,0,0,0,0,2,0,0,5,0,0)
662:(0,2,10,7,0,0,0,0,2,0,0,7,0,0)
663:(0,2,10,7,0,0,0,0,4,0,0,0,0,0)
664:(0,2,10,7,0,0,0,0,4,0,0,1,0,0)
665:(0,2,10,7,0,0,0,0,4,0,0,3,0,0)
666:(0,2,10,7,0,0,0,0,4,0,0,5,0,0)
667:(0,2,10,7,0,0,0,0,4,0,0,7,0,0)
668:(0,2,10,7,0,0,0,0,6,0,0,0,0,0)
669:(0,2,10,7,0,0,0,0,6,0,0,1,0,0)
670:(0,2,10,7,0,0,0,0,6,0,0,3,0,0)
671:(0,2,10,7,0,0,0,0,6,0,0,5,0,0)
672:(0,2,10,7,0,0,0,0,6,0,0,7,0,0)
673:(0,2,10,7,0,0,0,0,8,0,0,0,0,0)
674:(0,2,10,7,0,0,0,0,8,0,0,1,0,0)
675:(0,2,10,7,0,0,0,0,8,0,0,3,0,0)
676:(0,2,10,7,0,0,0,0,8,0,0,5,0,0)
677:(0,2,10,7,0,0,0,0,8,0,0,7,0,0)
678:(0,2,10,7,0,0,0,0,10,0,0,0,0,0)
679:(0,2,10,7,0,0,0,0,10,0,0,1,0,0)
680:(0,2,10,7,0,0,0,0,10,0,0,3,0,0)
681:(0,2,10,7,0,0,0,0,10,0,0,5,0,0)
682:(0,2,10,7,0,0,0,0,10,0,0,7,0,0)
683:(1,1,2,0,0,0,0,0,2,0,0,0,0,0)
684:(1,1,2,0,0,0,0,0,4,0,0,0,0,0)
685:(1,1,2,0,0,0,0,0,6,0,0,0,0,0)
686:(1,1,2,0,0,0,0,0,8,0,0,0,0,0)
687:(1,1,2,0,0,0,0,0,10,0,0,0,0,0)
688:(1,1,2,3,0,0,0,0,2,0,0,0,0,0)
689:(1,1,2,3,0,0,0,0,4,0,0,0,0,0)
690:(1,1,2,4,0,0,0,0,2,0,0,0,0,0)
691:(1,1,2,4,0,0,0,0,4,0,0,0,0,0)
692:(1,1,2,4,0,0,0,0,6,0,0,0,0,0)
693:(1,1,2,4,0,0,0,0,8,0,0,0,0,0)
694:(1,1,2,4,0,0,0,0,10,0,0,0,0,0)
695:(1,1,2,7,0,0,0,0,2,0,0,0,0,0)
696:(1,1,2,7,0,0,0,0,4,0,0,0,0,0)
697:(1,1,2,7,0,0,0,0,6,0,0,0,0,0)
698:(1,1,2,7,0,0,0,0,8,0,0,0,0,0)
699:(1,1,2,7,0,0,0,0,10,0,0,0,0,0)
700:(1,1,3,0,0,0,0,0,2,0,0,0,0,0)
701:(1,1,3,0,0,0,0,0,4,0,0,0,0,0)
702:(1,1,3,0,0,0,0,0,6,0,0,0,0,0)
703:(1,1,3,0,0,0,0,0,8,0,0,0,0,0)
704:(1,1,3,0,0,0,0,0,10,0,0,0,0,0)
705:(1,1,3,3,0,0,0,0,2,0,0,0,0,0)
706:(1,1,3,3,0,0,0,0,4,0,0,0,0,0)
707:(1,1,3,3,0,0,0,0,6,0,0,0,0,0)
708:(1,1,3,4,0,0,0,0,2,0,0,0,0,0)
709:(1,1,3,4,0,0,0,0,4,0,0,0,0,0)
710:(1,1,3,4,0,0,0,0,6,0,0,0,0,0)
711:(1,1,3,4,0,0,0,0,8,0,0,0,0,0)
712:(1,1,3,7,0,0,0,0,2,0,0,0,0,0)
713:(1,1,3,7,0,0,0,0,4,0,0,0,0,0)
714:(1,1,3,7,0,0,0,0,6,0,0,0,0,0)
715:(1,1,3,7,0,0,0,0,8,0,0,0,0,0)
716:(1,1,3,7,0,0,0,0,10,0,0,0,0,0)
717:(1,1,4,0,0,0,0,0,2,0,0,0,0,0)
718:(1,1,4,0,0,0,0,0,2,0,0,1,0,0)
719:(1,1,4,0,0,0,0,0,2,0,0,3,0,0)
720:(1,1,4,0,0,0,0,0,2,0,0,5,0,0)
721:(1,1,4,0,0,0,0,0,2,0,0,7,0,0)
722:(1,1,4,0,0,0,0,0,4,0,0,0,0,0)
723:(1,1,4,0,0,0,0,0,4,0,0,1,0,0)
724:(1,1,4,0,0,0,0,0,4,0,0,3,0,0)
725:(1,1,4,0,0,0,0,0,4,0,0,5,0,0)
726:(1,1,4,0,0,0,0,0,4,0,0,7,0,0)
727:(1,1,4,0,0,0,0,0,6,0,0,0,0,0)
728:(1,1,4,0,0,0,0,0,6,0,0,1,0,0)
729:(1,1,4,0,0,0,0,0,6,0,0,3,0,0)
730:(1,1,4,0,0,0,0,0,6,0,0,5,0,0)
731:(1,1,4,0,0,0,0,0,6,0,0,7,0,0)
732:(1,1,4,0,0,0,0,0,8,0,0,0,0,0)
733:(1,1,4,0,0,0,0,0,8,0,0,1,0,0)
734:(1,1,4,0,0,0,0,0,8,0,0,3,0,0)
735:(1,1,4,0,0,0,0,0,8,0,0,5,0,0)
736:(1,1,4,0,0,0,0,0,8,0,0,7,0,0)
737:(1,1,4,0,0,0,0,0,10,0,0,0,0,0)
738:(1,1,4,0,0,0,0,0,10,0,0,1,0,0)
739:(1,1,4,0,0,0,0,0,10,0,0,3,0,0)
740:(1,1,4,0,0,0,0,0,10,0,0,5,0,0)
741:(1,1,4,0,0,0,0,0,10,0,0,7,0,0)
742:(1,1,4,3,0,0,0,0,2,0,0,0,0,0)
743:(1,1,4,3,0,0,0,0,4,0,0,0,0,0)
744:(1,1,4,4,0,0,0,0,2,0,0,0,0,0)
745:(1,1,4,4,0,0,0,0,2,0,0,1,0,0)
746:(1,1,4,4,0,0,0,0,2,0,0,3,0,0)
747:(1,1,4,4,0,0,0,0,2,0,0,5,0,0)
748:(1,1,4,4,0,0,0,0,2,0,0,7,0,0)
749:(1,1,4,4,0,0,0,0,4,0,0,0,0,0)
750:(1,1,4,4,0,0,0,0,4,0,0,1,0,0)
751:(1,1,4,4,0,0,0,0,4,0,0,3,0,0)
752:(1,1,4,4,0,0,0,0,4,0,0,5,0,0)
753:(1,1,4,4,0,0,0,0,4,0,0,7,0,0)
754:(1,1,4,4,0,0,0,0,6,0,0,0,0,0)
755:(1,1,4,4,0,0,0,0,6,0,0,1,0,0)
756:(1,1,4,4,0,0,0,0,6,0,0,3,0,0)
757:(1,1,4,4,0,0,0,0,6,0,0,5,0,0)
758:(1,1,4,4,0,0,0,0,6,0,0,7,0,0)
759:(1,1,4,4,0,0,0,0,8,0,0,0,0,0)
760:(1,1,4,4,0,0,0,0,8,0,0,1,0,0)
761:(1,1,4,4,0,0,0,0,8,0,0,3,0,0)
762:(1,1,4,4,0,0,0,0,8,0,0,5,0,0)
763:(1,1,4,4,0,0,0,0,8,0,0,7,0,0)
764:(1,1,4,7,0,0,0,0,2,0,0,0,0,0)
765:(1,1,4,7,0,0,0,0,2,0,0,1,0,0)
766:(1,1,4,7,0,0,0,0,4,0,0,0,0,0)
767:(1,1,4,7,0,0,0,0,4,0,0,1,0,0)
768:(1,1,4,7,0,0,0,0,6,0,0,0,0,0)
769:(1,1,4,7,0,0,0,0,6,0,0,1,0,0)
770:(1,1,4,7,0,0,0,0,8,0,0,0,0,0)
771:(1,1,4,7,0,0,0,0,8,0,0,1,0,0)
772:(1,1,4,7,0,0,0,0,10,0,0,0,0,0)
773:(1,1,4,7,0,0,0,0,10,0,0,1,0,0)
774:(1,1,6,0,0,0,0,0,2,0,0,0,0,0)
775:(1,1,6,0,0,0,0,0,4,0,0,0,0,0)
776:(1,1,6,0,0,0,0,0,6,0,0,0,0,0)
777:(1,1,6,0,0,0,0,0,8,0,0,0,0,0)
778:(1,1,6,0,0,0,0,0,10,0,0,0,0,0)
779:(1,1,6,3,0,0,0,0,2,0,0,0,0,0)
780:(1,1,6,3,0,0,0,0,4,0,0,0,0,0)
781:(1,1,6,4,0,0,0,0,2,0,0,0,0,0)
782:(1,1,6,4,0,0,0,0,4,0,0,0,0,0)
783:(1,1,6,4,0,0,0,0,6,0,0,0,0,0)
784:(1,1,6,4,0,0,0,0,8,0,0,0,0,0)
785:(1,1,6,4,0,0,0,0,10,0,0,0,0,0)
786:(1,1,6,7,0,0,0,0,2,0,0,0,0,0)
787:(1,1,6,7,0,0,0,0,4,0,0,0,0,0)
788:(1,1,6,7,0,0,0,0,6,0,0,0,0,0)
789:(1,1,6,7,0,0,0,0,8,0,0,0,0,0)
790:(1,1,6,7,0,0,0,0,10,0,0,0,0,0)
791:(1,1,7,0,0,0,0,0,2,0,0,0,0,0)
792:(1,1,7,0,0,0,0,0,2,0,0,1,0,0)
793:(1,1,7,0,0,0,0,0,2,0,0,3,0,0)
794:(1,1,7,0,0,0,0,0,2,0,0,5,0,0)
795:(1,1,7,0,0,0,0,0,2,0,0,7,0,0)
796:(1,1,7,0,0,0,0,0,4,0,0,0,0,0)
797:(1,1,7,0,0,0,0,0,4,0,0,1,0,0)
798:(1,1,7,0,0,0,0,0,4,0,0,5,0,0)
799:(1,1,7,0,0,0,0,0,6,0,0,0,0,0)
800:(1,1,7,0,0,0,0,0,6,0,0,1,0,0)
801:(1,1,7,0,0,0,0,0,6,0,0,3,0,0)
802:(1,1,7,0,0,0,0,0,6,0,0,5,0,0)
803:(1,1,7,0,0,0,0,0,6,0,0,7,0,0)
804:(1,1,7,0,0,0,0,0,8,0,0,0,0,0)
805:(1,1,7,0,0,0,0,0,8,0,0,1,0,0)
806:(1,1,7,0,0,0,0,0,8,0,0,5,0,0)
807:(1,1,7,0,0,0,0,0,10,0,0,0,0,0)
808:(1,1,7,0,0,0,0,0,10,0,0,1,0,0)
809:(1,1,7,0,0,0,0,0,10,0,0,3,0,0)
810:(1,1,7,0,0,0,0,0,10,0,0,5,0,0)
811:(1,1,7,0,0,0,0,0,10,0,0,7,0,0)
812:(1,1,7,3,0,0,0,0,2,0,0,0,0,0)
813:(1,1,7,3,0,0,0,0,4,0,0,0,0,0)
814:(1,1,7,3,0,0,0,0,6,0,0,0,0,0)
815:(1,1,7,4,0,0,0,0,2,0,0,0,0,0)
816:(1,1,7,4,0,0,0,0,2,0,0,1,0,0)
817:(1,1,7,4,0,0,0,0,2,0,0,3,0,0)
818:(1,1,7,4,0,0,0,0,2,0,0,5,0,0)
819:(1,1,7,4,0,0,0,0,2,0,0,7,0,0)
820:(1,1,7,4,0,0,0,0,4,0,0,0,0,0)
821:(1,1,7,4,0,0,0,0,4,0,0,1,0,0)
822:(1,1,7,4,0,0,0,0,4,0,0,3,0,0)
823:(1,1,7,4,0,0,0,0,4,0,0,5,0,0)
824:(1,1,7,4,0,0,0,0,4,0,0,7,0,0)
825:(1,1,7,4,0,0,0,0,6,0,0,0,0,0)
826:(1,1,7,4,0,0,0,0,6,0,0,1,0,0)
827:(1,1,7,4,0,0,0,0,6,0,0,3,0,0)
828:(1,1,7,4,0,0,0,0,6,0,0,5,0,0)
829:(1,1,7,4,0,0,0,0,6,0,0,7,0,0)
830:(1,1,7,4,0,0,0,0,8,0,0,0,0,0)
831:(1,1,7,4,0,0,0,0,8,0,0,1,0,0)
832:(1,1,7,4,0,0,0,0,8,0,0,3,0,0)
833:(1,1,7,4,0,0,0,0,8,0,0,5,0,0)
834:(1,1,7,4,0,0,0,0,8,0,0,7,0,0)
835:(1,1,7,7,0,0,0,0,2,0,0,0,0,0)
836:(1,1,7,7,0,0,0,0,2,0,0,1,0,0)
837:(1,1,7,7,0,0,0,0,4,0,0,0,0,0)
838:(1,1,7,7,0,0,0,0,4,0,0,1,0,0)
839:(1,1,7,7,0,0,0,0,6,0,0,0,0,0)
840:(1,1,7,7,0,0,0,0,6,0,0,1,0,0)
841:(1,1,7,7,0,0,0,0,8,0,0,0,0,0)
842:(1,1,7,7,0,0,0,0,8,0,0,1,0,0)
843:(1,1,7,7,0,0,0,0,10,0,0,0,0,0)
844:(1,1,7,7,0,0,0,0,10,0,0,1,0,0)
845:(1,1,10,0,0,0,0,0,2,0,0,0,0,0)
846:(1,1,10,0,0,0,0,0,2,0,0,1,0,0)
847:(1,1,10,0,0,0,0,0,2,0,0,3,0,0)
848:(1,1,10,0,0,0,0,0,2,0,0,5,0,0)
849:(1,1,10,0,0,0,0,0,2,0,0,7,0,0)
850:(1,1,10,0,0,0,0,0,4,0,0,0,0,0)
851:(1,1,10,0,0,0,0,0,4,0,0,1,0,0)
852:(1,1,10,0,0,0,0,0,4,0,0,5,0,0)
853:(1,1,10,0,0,0,0,0,6,0,0,0,0,0)
854:(1,1,10,0,0,0,0,0,6,0,0,1,0,0)
855:(1,1,10,0,0,0,0,0,6,0,0,3,0,0)
856:(1,1,10,0,0,0,0,0,6,0,0,5,0,0)
857:(1,1,10,0,0,0,0,0,6,0,0,7,0,0)
858:(1,1,10,0,0,0,0,0,8,0,0,0,0,0)
859:(1,1,10,0,0,0,0,0,8,0,0,1,0,0)
860:(1,1,10,0,0,0,0,0,8,0,0,5,0,0)
861:(1,1,10,0,0,0,0,0,10,0,0,0,0,0)
862:(1,1,10,0,0,0,0,0,10,0,0,1,0,0)
863:(1,1,10,0,0,0,0,0,10,0,0,3,0,0)
864:(1,1,10,0,0,0,0,0,10,0,0,5,0,0)
865:(1,1,10,0,0,0,0,0,10,0,0,7,0,0)
866:(1,1,10,3,0,0,0,0,2,0,0,0,0,0)
867:(1,1,10,3,0,0,0,0,4,0,0,0,0,0)
868:(1,1,10,3,0,0,0,0,6,0,0,0,0,0)
869:(1,1,10,4,0,0,0,0,2,0,0,0,0,0)
870:(1,1,10,4,0,0,0,0,2,0,0,1,0,0)
871:(1,1,10,4,0,0,0,0,2,0,0,3,0,0)
872:(1,1,10,4,0,0,0,0,2,0,0,5,0,0)
873:(1,1,10,4,0,0,0,0,2,0,0,7,0,0)
874:(1,1,10,4,0,0,0,0,4,0,0,0,0,0)
875:(1,1,10,4,0,0,0,0,4,0,0,1,0,0)
876:(1,1,10,4,0,0,0,0,4,0,0,3,0,0)
877:(1,1,10,4,0,0,0,0,4,0,0,5,0,0)
878:(1,1,10,4,0,0,0,0,4,0,0,7,0,0)
879:(1,1,10,4,0,0,0,0,6,0,0,0,0,0)
880:(1,1,10,4,0,0,0,0,6,0,0,1,0,0)
881:(1,1,10,4,0,0,0,0,6,0,0,3,0,0)
882:(1,1,10,4,0,0,0,0,6,0,0,5,0,0)
883:(1,1,10,4,0,0,0,0,6,0,0,7,0,0)
884:(1,1,10,4,0,0,0,0,8,0,0,0,0,0)
885:(1,1,10,4,0,0,0,0,8,0,0,1,0,0)
886:(1,1,10,4,0,0,0,0,8,0,0,3,0,0)
887:(1,1,10,4,0,0,0,0,8,0,0,5,0,0)
888:(1,1,10,4,0,0,0,0,8,0,0,7,0,0)
889:(1,1,10,4,0,0,0,0,10,0,0,0,0,0)
890:(1,1,10,4,0,0,0,0,10,0,0,1,0,0)
891:(1,1,10,4,0,0,0,0,10,0,0,3,0,0)
892:(1,1,10,4,0,0,0,0,10,0,0,5,0,0)
893:(1,1,10,4,0,0,0,0,10,0,0,7,0,0)
894:(1,1,10,7,0,0,0,0,2,0,0,0,0,0)
895:(1,1,10,7,0,0,0,0,2,0,0,1,0,0)
896:(1,1,10,7,0,0,0,0,2,0,0,3,0,0)
897:(1,1,10,7,0,0,0,0,2,0,0,5,0,0)
898:(1,1,10,7,0,0,0,0,2,0,0,7,0,0)
899:(1,1,10,7,0,0,0,0,4,0,0,0,0,0)
900:(1,1,10,7,0,0,0,0,4,0,0,1,0,0)
901:(1,1,10,7,0,0,0,0,4,0,0,3,0,0)
902:(1,1,10,7,0,0,0,0,4,0,0,5,0,0)
903:(1,1,10,7,0,0,0,0,4,0,0,7,0,0)
904:(1,1,10,7,0,0,0,0,6,0,0,0,0,0)
905:(1,1,10,7,0,0,0,0,6,0,0,1,0,0)
906:(1,1,10,7,0,0,0,0,6,0,0,3,0,0)
907:(1,1,10,7,0,0,0,0,6,0,0,5,0,0)
908:(1,1,10,7,0,0,0,0,6,0,0,7,0,0)
909:(1,1,10,7,0,0,0,0,8,0,0,0,0,0)
910:(1,1,10,7,0,0,0,0,8,0,0,1,0,0)
911:(1,1,10,7,0,0,0,0,8,0,0,3,0,0)
912:(1,1,10,7,0,0,0,0,8,0,0,5,0,0)
913:(1,1,10,7,0,0,0,0,8,0,0,7,0,0)
914:(1,1,10,7,0,0,0,0,10,0,0,0,0,0)
915:(1,1,10,7,0,0,0,0,10,0,0,1,0,0)
916:(1,1,10,7,0,0,0,0,10,0,0,3,0,0)
917:(1,1,10,7,0,0,0,0,10,0,0,5,0,0)
918:(1,1,10,7,0,0,0,0,10,0,0,7,0,0)
919:(4,1,4,0,0,0,0,0,0,0,0,1,0,0)
920:(4,1,4,0,0,0,0,0,0,0,0,3,0,0)
921:(4,1,4,0,0,0,0,0,0,0,0,5,0,0)
922:(4,1,4,0,0,0,0,0,0,0,0,7,0,0)
923:(4,1,4,0,0,0,0,0,2,0,0,1,0,0)
924:(4,1,4,0,0,0,0,0,2,0,0,3,0,0)
925:(4,1,4,0,0,0,0,0,2,0,0,5,0,0)
926:(4,1,4,0,0,0,0,0,2,0,0,7,0,0)
927:(4,1,4,0,0,0,0,0,4,0,0,1,0,0)
928:(4,1,4,0,0,0,0,0,4,0,0,3,0,0)
929:(4,1,4,0,0,0,0,0,4,0,0,5,0,0)
930:(4,1,4,0,0,0,0,0,4,0,0,7,0,0)
931:(4,1,4,0,0,0,0,0,6,0,0,1,0,0)
932:(4,1,4,0,0,0,0,0,6,0,0,3,0,0)
933:(4,1,4,0,0,0,0,0,6,0,0,5,0,0)
934:(4,1,4,0,0,0,0,0,6,0,0,7,0,0)
935:(4,1,4,0,0,0,0,0,8,0,0,1,0,0)
936:(4,1,4,0,0,0,0,0,8,0,0,3,0,0)
937:(4,1,4,0,0,0,0,0,8,0,0,5,0,0)
938:(4,1,4,0,0,0,0,0,8,0,0,7,0,0)
939:(4,1,4,0,0,0,0,0,10,0,0,1,0,0)
940:(4,1,4,0,0,0,0,0,10,0,0,3,0,0)
941:(4,1,4,0,0,0,0,0,10,0,0,5,0,0)
942:(4,1,4,0,0,0,0,0,10,0,0,7,0,0)
943:(4,1,4,4,0,0,0,0,0,0,0,1,0,0)
944:(4,1,4,4,0,0,0,0,0,0,0,3,0,0)
945:(4,1,4,4,0,0,0,0,0,0,0,5,0,0)
946:(4,1,4,4,0,0,0,0,0,0,0,7,0,0)
947:(4,1,4,4,0,0,0,0,2,0,0,1,0,0)
948:(4,1,4,4,0,0,0,0,2,0,0,3,0,0)
949:(4,1,4,4,0,0,0,0,2,0,0,5,0,0)
950:(4,1,4,4,0,0,0,0,2,0,0,7,0,0)
951:(4,1,4,4,0,0,0,0,4,0,0,1,0,0)
952:(4,1,4,4,0,0,0,0,4,0,0,3,0,0)
953:(4,1,4,4,0,0,0,0,4,0,0,5,0,0)
954:(4,1,4,4,0,0,0,0,4,0,0,7,0,0)
955:(4,1,4,4,0,0,0,0,6,0,0,1,0,0)
956:(4,1,4,4,0,0,0,0,6,0,0,3,0,0)
957:(4,1,4,4,0,0,0,0,6,0,0,5,0,0)
958:(4,1,4,4,0,0,0,0,6,0,0,7,0,0)
959:(4,1,4,4,0,0,0,0,8,0,0,1,0,0)
960:(4,1,4,4,0,0,0,0,8,0,0,3,0,0)
961:(4,1,4,4,0,0,0,0,8,0,0,5,0,0)
962:(4,1,4,4,0,0,0,0,8,0,0,7,0,0)
963:(4,1,4,7,0,0,0,0,0,0,0,1,0,0)
964:(4,1,4,7,0,0,0,0,0,0,0,3,0,0)
965:(4,1,4,7,0,0,0,0,0,0,0,5,0,0)
966:(4,1,4,7,0,0,0,0,0,0,0,7,0,0)
967:(4,1,4,7,0,0,0,0,2,0,0,1,0,0)
968:(4,1,4,7,0,0,0,0,4,0,0,1,0,0)
969:(4,1,4,7,0,0,0,0,6,0,0,1,0,0)
970:(4,1,4,7,0,0,0,0,8,0,0,1,0,0)
971:(4,1,4,7,0,0,0,0,10,0,0,1,0,0)
972:(4,1,7,0,0,0,0,0,0,0,0,1,0,0)
973:(4,1,7,0,0,0,0,0,0,0,0,3,0,0)
974:(4,1,7,0,0,0,0,0,0,0,0,5,0,0)
975:(4,1,7,0,0,0,0,0,0,0,0,7,0,0)
976:(4,1,7,0,0,0,0,0,2,0,0,1,0,0)
977:(4,1,7,0,0,0,0,0,2,0,0,3,0,0)
978:(4,1,7,0,0,0,0,0,2,0,0,5,0,0)
979:(4,1,7,0,0,0,0,0,2,0,0,7,0,0)
980:(4,1,7,0,0,0,0,0,4,0,0,1,0,0)
981:(4,1,7,0,0,0,0,0,4,0,0,5,0,0)
982:(4,1,7,0,0,0,0,0,6,0,0,1,0,0)
983:(4,1,7,0,0,0,0,0,6,0,0,3,0,0)
984:(4,1,7,0,0,0,0,0,6,0,0,5,0,0)
985:(4,1,7,0,0,0,0,0,6,0,0,7,0,0)
986:(4,1,7,0,0,0,0,0,8,0,0,1,0,0)
987:(4,1,7,0,0,0,0,0,8,0,0,5,0,0)
988:(4,1,7,0,0,0,0,0,10,0,0,1,0,0)
989:(4,1,7,0,0,0,0,0,10,0,0,3,0,0)
990:(4,1,7,0,0,0,0,0,10,0,0,5,0,0)
991:(4,1,7,0,0,0,0,0,10,0,0,7,0,0)
992:(4,1,7,4,0,0,0,0,0,0,0,1,0,0)
993:(4,1,7,4,0,0,0,0,0,0,0,3,0,0)
994:(4,1,7,4,0,0,0,0,0,0,0,5,0,0)
995:(4,1,7,4,0,0,0,0,0,0,0,7,0,0)
996:(4,1,7,4,0,0,0,0,2,0,0,1,0,0)
997:(4,1,7,4,0,0,0,0,2,0,0,3,0,0)
998:(4,1,7,4,0,0,0,0,2,0,0,5,0,0)
999:(4,1,7,4,0,0,0,0,2,0,0,7,0,0)
1000:(4,1,7,4,0,0,0,0,4,0,0,1,0,0)
1001:(4,1,7,4,0,0,0,0,4,0,0,3,0,0)
1002:(4,1,7,4,0,0,0,0,4,0,0,5,0,0)
1003:(4,1,7,4,0,0,0,0,4,0,0,7,0,0)
1004:(4,1,7,4,0,0,0,0,6,0,0,1,0,0)
1005:(4,1,7,4,0,0,0,0,6,0,0,3,0,0)
1006:(4,1,7,4,0,0,0,0,6,0,0,5,0,0)
1007:(4,1,7,4,0,0,0,0,6,0,0,7,0,0)
1008:(4,1,7,4,0,0,0,0,8,0,0,1,0,0)
1009:(4,1,7,4,0,0,0,0,8,0,0,3,0,0)
1010:(4,1,7,4,0,0,0,0,8,0,0,5,0,0)
1011:(4,1,7,4,0,0,0,0,8,0,0,7,0,0)
1012:(4,1,7,7,0,0,0,0,0,0,0,1,0,0)
1013:(4,1,7,7,0,0,0,0,0,0,0,3,0,0)
1014:(4,1,7,7,0,0,0,0,0,0,0,5,0,0)
1015:(4,1,7,7,0,0,0,0,0,0,0,7,0,0)
1016:(4,1,7,7,0,0,0,0,2,0,0,1,0,0)
1017:(4,1,7,7,0,0,0,0,4,0,0,1,0,0)
1018:(4,1,7,7,0,0,0,0,6,0,0,1,0,0)
1019:(4,1,7,7,0,0,0,0,8,0,0,1,0,0)
1020:(4,1,7,7,0,0,0,0,10,0,0,1,0,0)
1021:(4,1,10,0,0,0,0,0,0,0,0,1,0,0)
1022:(4,1,10,0,0,0,0,0,0,0,0,3,0,0)
1023:(4,1,10,0,0,0,0,0,0,0,0,5,0,0)
1024:(4,1,10,0,0,0,0,0,0,0,0,7,0,0)
1025:(4,1,10,0,0,0,0,0,2,0,0,1,0,0)
1026:(4,1,10,0,0,0,0,0,2,0,0,3,0,0)
1027:(4,1,10,0,0,0,0,0,2,0,0,5,0,0)
1028:(4,1,10,0,0,0,0,0,2,0,0,7,0,0)
1029:(4,1,10,0,0,0,0,0,4,0,0,1,0,0)
1030:(4,1,10,0,0,0,0,0,4,0,0,5,0,0)
1031:(4,1,10,0,0,0,0,0,6,0,0,1,0,0)
1032:(4,1,10,0,0,0,0,0,6,0,0,3,0,0)
1033:(4,1,10,0,0,0,0,0,6,0,0,5,0,0)
1034:(4,1,10,0,0,0,0,0,6,0,0,7,0,0)
1035:(4,1,10,0,0,0,0,0,8,0,0,1,0,0)
1036:(4,1,10,0,0,0,0,0,8,0,0,5,0,0)
1037:(4,1,10,0,0,0,0,0,10,0,0,1,0,0)
1038:(4,1,10,0,0,0,0,0,10,0,0,3,0,0)
1039:(4,1,10,0,0,0,0,0,10,0,0,5,0,0)
1040:(4,1,10,0,0,0,0,0,10,0,0,7,0,0)
1041:(4,1,10,4,0,0,0,0,0,0,0,1,0,0)
1042:(4,1,10,4,0,0,0,0,0,0,0,3,0,0)
1043:(4,1,10,4,0,0,0,0,0,0,0,5,0,0)
1044:(4,1,10,4,0,0,0,0,0,0,0,7,0,0)
1045:(4,1,10,4,0,0,0,0,2,0,0,1,0,0)
1046:(4,1,10,4,0,0,0,0,2,0,0,3,0,0)
1047:(4,1,10,4,0,0,0,0,2,0,0,5,0,0)
1048:(4,1,10,4,0,0,0,0,2,0,0,7,0,0)
1049:(4,1,10,4,0,0,0,0,4,0,0,1,0,0)
1050:(4,1,10,4,0,0,0,0,4,0,0,3,0,0)
1051:(4,1,10,4,0,0,0,0,4,0,0,5,0,0)
1052:(4,1,10,4,0,0,0,0,4,0,0,7,0,0)
1053:(4,1,10,4,0,0,0,0,6,0,0,1,0,0)
1054:(4,1,10,4,0,0,0,0,6,0,0,3,0,0)
1055:(4,1,10,4,0,0,0,0,6,0,0,5,0,0)
1056:(4,1,10,4,0,0,0,0,6,0,0,7,0,0)
1057:(4,1,10,4,0,0,0,0,8,0,0,1,0,0)
1058:(4,1,10,4,0,0,0,0,8,0,0,3,0,0)
1059:(4,1,10,4,0,0,0,0,8,0,0,5,0,0)
1060:(4,1,10,4,0,0,0,0,8,0,0,7,0,0)
1061:(4,1,10,4,0,0,0,0,10,0,0,1,0,0)
1062:(4,1,10,4,0,0,0,0,10,0,0,3,0,0)
1063:(4,1,10,4,0,0,0,0,10,0,0,5,0,0)
1064:(4,1,10,4,0,0,0,0,10,0,0,7,0,0)
1065:(4,1,10,7,0,0,0,0,0,0,0,1,0,0)
1066:(4,1,10,7,0,0,0,0,0,0,0,3,0,0)
1067:(4,1,10,7,0,0,0,0,0,0,0,5,0,0)
1068:(4,1,10,7,0,0,0,0,0,0,0,7,0,0)
1069:(4,1,10,7,0,0,0,0,2,0,0,1,0,0)
1070:(4,1,10,7,0,0,0,0,2,0,0,3,0,0)
1071:(4,1,10,7,0,0,0,0,2,0,0,5,0,0)
1072:(4,1,10,7,0,0,0,0,2,0,0,7,0,0)
1073:(4,1,10,7,0,0,0,0,4,0,0,1,0,0)
1074:(4,1,10,7,0,0,0,0,4,0,0,3,0,0)
1075:(4,1,10,7,0,0,0,0,4,0,0,5,0,0)
1076:(4,1,10,7,0,0,0,0,4,0,0,7,0,0)
1077:(4,1,10,7,0,0,0,0,6,0,0,1,0,0)
1078:(4,1,10,7,0,0,0,0,6,0,0,3,0,0)
1079:(4,1,10,7,0,0,0,0,6,0,0,5,0,0)
1080:(4,1,10,7,0,0,0,0,6,0,0,7,0,0)
1081:(4,1,10,7,0,0,0,0,8,0,0,1,0,0)
1082:(4,1,10,7,0,0,0,0,8,0,0,3,0,0)
1083:(4,1,10,7,0,0,0,0,8,0,0,5,0,0)
1084:(4,1,10,7,0,0,0,0,8,0,0,7,0,0)
1085:(4,1,10,7,0,0,0,0,10,0,0,1,0,0)
1086:(4,1,10,7,0,0,0,0,10,0,0,3,0,0)
1087:(4,1,10,7,0,0,0,0,10,0,0,5,0,0)
1088:(4,1,10,7,0,0,0,0,10,0,0,7,0,0)
1089:(6,1,0,3,0,0,0,0,2,0,0,0,0,0)
1090:(6,1,0,3,0,0,0,0,4,0,0,0,0,0)
1091:(6,1,0,3,0,0,0,0,6,0,0,0,0,0)
1092:(6,1,0,3,0,0,0,0,8,0,0,0,0,0)
1093:(6,1,0,3,0,0,0,0,10,0,0,0,0,0)
1094:(6,1,0,4,0,0,0,0,2,0,0,0,0,0)
1095:(6,1,0,4,0,0,0,0,2,0,0,1,0,0)
1096:(6,1,0,4,0,0,0,0,2,0,0,3,0,0)
1097:(6,1,0,4,0,0,0,0,2,0,0,5,0,0)
1098:(6,1,0,4,0,0,0,0,2,0,0,7,0,0)
1099:(6,1,0,4,0,0,0,0,4,0,0,0,0,0)
1100:(6,1,0,4,0,0,0,0,4,0,0,1,0,0)
1101:(6,1,0,4,0,0,0,0,4,0,0,3,0,0)
1102:(6,1,0,4,0,0,0,0,4,0,0,5,0,0)
1103:(6,1,0,4,0,0,0,0,4,0,0,7,0,0)
1104:(6,1,0,4,0,0,0,0,6,0,0,0,0,0)
1105:(6,1,0,4,0,0,0,0,6,0,0,1,0,0)
1106:(6,1,0,4,0,0,0,0,6,0,0,3,0,0)
1107:(6,1,0,4,0,0,0,0,8,0,0,0,0,0)
1108:(6,1,0,4,0,0,0,0,8,0,0,1,0,0)
1109:(6,1,0,4,0,0,0,0,8,0,0,3,0,0)
1110:(6,1,0,4,0,0,0,0,10,0,0,0,0,0)
1111:(6,1,0,4,0,0,0,0,10,0,0,1,0,0)
1112:(6,1,0,7,0,0,0,0,2,0,0,0,0,0)
1113:(6,1,0,7,0,0,0,0,2,0,0,1,0,0)
1114:(6,1,0,7,0,0,0,0,4,0,0,0,0,0)
1115:(6,1,0,7,0,0,0,0,4,0,0,1,0,0)
1116:(6,1,0,7,0,0,0,0,6,0,0,0,0,0)
1117:(6,1,0,7,0,0,0,0,6,0,0,1,0,0)
1118:(6,1,0,7,0,0,0,0,8,0,0,0,0,0)
1119:(6,1,0,7,0,0,0,0,8,0,0,1,0,0)
1120:(6,1,0,7,0,0,0,0,10,0,0,0,0,0)
1121:(6,1,0,7,0,0,0,0,10,0,0,1,0,0)
1122:(6,1,2,3,0,0,0,0,2,0,0,0,0,0)
1123:(6,1,2,3,0,0,0,0,4,0,0,0,0,0)
1124:(6,1,2,4,0,0,0,0,2,0,0,0,0,0)
1125:(6,1,2,4,0,0,0,0,4,0,0,0,0,0)
1126:(6,1,2,4,0,0,0,0,6,0,0,0,0,0)
1127:(6,1,2,4,0,0,0,0,8,0,0,0,0,0)
1128:(6,1,2,4,0,0,0,0,10,0,0,0,0,0)
1129:(6,1,2,7,0,0,0,0,2,0,0,0,0,0)
1130:(6,1,2,7,0,0,0,0,4,0,0,0,0,0)
1131:(6,1,2,7,0,0,0,0,6,0,0,0,0,0)
1132:(6,1,2,7,0,0,0,0,8,0,0,0,0,0)
1133:(6,1,2,7,0,0,0,0,10,0,0,0,0,0)
1134:(6,1,3,3,0,0,0,0,2,0,0,0,0,0)
1135:(6,1,3,3,0,0,0,0,4,0,0,0,0,0)
1136:(6,1,3,3,0,0,0,0,6,0,0,0,0,0)
1137:(6,1,3,4,0,0,0,0,2,0,0,0,0,0)
1138:(6,1,3,4,0,0,0,0,4,0,0,0,0,0)
1139:(6,1,3,4,0,0,0,0,6,0,0,0,0,0)
1140:(6,1,3,4,0,0,0,0,8,0,0,0,0,0)
1141:(6,1,3,7,0,0,0,0,2,0,0,0,0,0)
1142:(6,1,3,7,0,0,0,0,4,0,0,0,0,0)
1143:(6,1,3,7,0,0,0,0,6,0,0,0,0,0)
1144:(6,1,3,7,0,0,0,0,8,0,0,0,0,0)
1145:(6,1,3,7,0,0,0,0,10,0,0,0,0,0)
1146:(6,1,4,3,0,0,0,0,2,0,0,0,0,0)
1147:(6,1,4,3,0,0,0,0,4,0,0,0,0,0)
1148:(6,1,4,4,0,0,0,0,2,0,0,0,0,0)
1149:(6,1,4,4,0,0,0,0,2,0,0,1,0,0)
1150:(6,1,4,4,0,0,0,0,2,0,0,3,0,0)
1151:(6,1,4,4,0,0,0,0,2,0,0,5,0,0)
1152:(6,1,4,4,0,0,0,0,2,0,0,7,0,0)
1153:(6,1,4,4,0,0,0,0,4,0,0,0,0,0)
1154:(6,1,4,4,0,0,0,0,4,0,0,1,0,0)
1155:(6,1,4,4,0,0,0,0,4,0,0,3,0,0)
1156:(6,1,4,4,0,0,0,0,4,0,0,5,0,0)
1157:(6,1,4,4,0,0,0,0,4,0,0,7,0,0)
1158:(6,1,4,4,0,0,0,0,6,0,0,0,0,0)
1159:(6,1,4,4,0,0,0,0,6,0,0,1,0,0)
1160:(6,1,4,4,0,0,0,0,6,0,0,3,0,0)
1161:(6,1,4,4,0,0,0,0,6,0,0,5,0,0)
1162:(6,1,4,4,0,0,0,0,6,0,0,7,0,0)
1163:(6,1,4,4,0,0,0,0,8,0,0,0,0,0)
1164:(6,1,4,4,0,0,0,0,8,0,0,1,0,0)
1165:(6,1,4,4,0,0,0,0,8,0,0,3,0,0)
1166:(6,1,4,4,0,0,0,0,8,0,0,5,0,0)
1167:(6,1,4,4,0,0,0,0,8,0,0,7,0,0)
1168:(6,1,4,7,0,0,0,0,2,0,0,0,0,0)
1169:(6,1,4,7,0,0,0,0,2,0,0,1,0,0)
1170:(6,1,4,7,0,0,0,0,4,0,0,0,0,0)
1171:(6,1,4,7,0,0,0,0,4,0,0,1,0,0)
1172:(6,1,4,7,0,0,0,0,6,0,0,0,0,0)
1173:(6,1,4,7,0,0,0,0,6,0,0,1,0,0)
1174:(6,1,4,7,0,0,0,0,8,0,0,0,0,0)
1175:(6,1,4,7,0,0,0,0,8,0,0,1,0,0)
1176:(6,1,4,7,0,0,0,0,10,0,0,0,0,0)
1177:(6,1,4,7,0,0,0,0,10,0,0,1,0,0)
1178:(6,1,6,3,0,0,0,0,2,0,0,0,0,0)
1179:(6,1,6,3,0,0,0,0,4,0,0,0,0,0)
1180:(6,1,6,4,0,0,0,0,2,0,0,0,0,0)
1181:(6,1,6,4,0,0,0,0,4,0,0,0,0,0)
1182:(6,1,6,4,0,0,0,0,6,0,0,0,0,0)
1183:(6,1,6,4,0,0,0,0,8,0,0,0,0,0)
1184:(6,1,6,4,0,0,0,0,10,0,0,0,0,0)
1185:(6,1,6,7,0,0,0,0,2,0,0,0,0,0)
1186:(6,1,6,7,0,0,0,0,4,0,0,0,0,0)
1187:(6,1,6,7,0,0,0,0,6,0,0,0,0,0)
1188:(6,1,6,7,0,0,0,0,8,0,0,0,0,0)
1189:(6,1,6,7,0,0,0,0,10,0,0,0,0,0)
1190:(6,1,7,3,0,0,0,0,2,0,0,0,0,0)
1191:(6,1,7,3,0,0,0,0,4,0,0,0,0,0)
1192:(6,1,7,3,0,0,0,0,6,0,0,0,0,0)
1193:(6,1,7,4,0,0,0,0,2,0,0,0,0,0)
1194:(6,1,7,4,0,0,0,0,2,0,0,1,0,0)
1195:(6,1,7,4,0,0,0,0,2,0,0,3,0,0)
1196:(6,1,7,4,0,0,0,0,2,0,0,5,0,0)
1197:(6,1,7,4,0,0,0,0,2,0,0,7,0,0)
1198:(6,1,7,4,0,0,0,0,4,0,0,0,0,0)
1199:(6,1,7,4,0,0,0,0,4,0,0,1,0,0)
1200:(6,1,7,4,0,0,0,0,4,0,0,3,0,0)
1201:(6,1,7,4,0,0,0,0,4,0,0,5,0,0)
1202:(6,1,7,4,0,0,0,0,4,0,0,7,0,0)
1203:(6,1,7,4,0,0,0,0,6,0,0,0,0,0)
1204:(6,1,7,4,0,0,0,0,6,0,0,1,0,0)
1205:(6,1,7,4,0,0,0,0,6,0,0,3,0,0)
1206:(6,1,7,4,0,0,0,0,6,0,0,5,0,0)
1207:(6,1,7,4,0,0,0,0,6,0,0,7,0,0)
1208:(6,1,7,4,0,0,0,0,8,0,0,0,0,0)
1209:(6,1,7,4,0,0,0,0,8,0,0,1,0,0)
1210:(6,1,7,4,0,0,0,0,8,0,0,3,0,0)
1211:(6,1,7,4,0,0,0,0,8,0,0,5,0,0)
1212:(6,1,7,4,0,0,0,0,8,0,0,7,0,0)
1213:(6,1,7,7,0,0,0,0,2,0,0,0,0,0)
1214:(6,1,7,7,0,0,0,0,2,0,0,1,0,0)
1215:(6,1,7,7,0,0,0,0,4,0,0,0,0,0)
1216:(6,1,7,7,0,0,0,0,4,0,0,1,0,0)
1217:(6,1,7,7,0,0,0,0,6,0,0,0,0,0)
1218:(6,1,7,7,0,0,0,0,6,0,0,1,0,0)
1219:(6,1,7,7,0,0,0,0,8,0,0,0,0,0)
1220:(6,1,7,7,0,0,0,0,8,0,0,1,0,0)
1221:(6,1,7,7,0,0,0,0,10,0,0,0,0,0)
1222:(6,1,7,7,0,0,0,0,10,0,0,1,0,0)
1223:(6,1,10,3,0,0,0,0,2,0,0,0,0,0)
1224:(6,1,10,3,0,0,0,0,4,0,0,0,0,0)
1225:(6,1,10,3,0,0,0,0,6,0,0,0,0,0)
1226:(6,1,10,4,0,0,0,0,2,0,0,0,0,0)
1227:(6,1,10,4,0,0,0,0,2,0,0,1,0,0)
1228:(6,1,10,4,0,0,0,0,2,0,0,3,0,0)
1229:(6,1,10,4,0,0,0,0,2,0,0,5,0,0)
1230:(6,1,10,4,0,0,0,0,2,0,0,7,0,0)
1231:(6,1,10,4,0,0,0,0,4,0,0,0,0,0)
1232:(6,1,10,4,0,0,0,0,4,0,0,1,0,0)
1233:(6,1,10,4,0,0,0,0,4,0,0,3,0,0)
1234:(6,1,10,4,0,0,0,0,4,0,0,5,0,0)
1235:(6,1,10,4,0,0,0,0,4,0,0,7,0,0)
1236:(6,1,10,4,0,0,0,0,6,0,0,0,0,0)
1237:(6,1,10,4,0,0,0,0,6,0,0,1,0,0)
1238:(6,1,10,4,0,0,0,0,6,0,0,3,0,0)
1239:(6,1,10,4,0,0,0,0,6,0,0,5,0,0)
1240:(6,1,10,4,0,0,0,0,6,0,0,7,0,0)
1241:(6,1,10,4,0,0,0,0,8,0,0,0,0,0)
1242:(6,1,10,4,0,0,0,0,8,0,0,1,0,0)
1243:(6,1,10,4,0,0,0,0,8,0,0,3,0,0)
1244:(6,1,10,4,0,0,0,0,8,0,0,5,0,0)
1245:(6,1,10,4,0,0,0,0,8,0,0,7,0,0)
1246:(6,1,10,4,0,0,0,0,10,0,0,0,0,0)
1247:(6,1,10,4,0,0,0,0,10,0,0,1,0,0)
1248:(6,1,10,4,0,0,0,0,10,0,0,3,0,0)
1249:(6,1,10,4,0,0,0,0,10,0,0,5,0,0)
1250:(6,1,10,4,0,0,0,0,10,0,0,7,0,0)
1251:(6,1,10,7,0,0,0,0,2,0,0,0,0,0)
1252:(6,1,10,7,0,0,0,0,2,0,0,1,0,0)
1253:(6,1,10,7,0,0,0,0,2,0,0,3,0,0)
1254:(6,1,10,7,0,0,0,0,2,0,0,5,0,0)
1255:(6,1,10,7,0,0,0,0,2,0,0,7,0,0)
1256:(6,1,10,7,0,0,0,0,4,0,0,0,0,0)
1257:(6,1,10,7,0,0,0,0,4,0,0,1,0,0)
1258:(6,1,10,7,0,0,0,0,4,0,0,3,0,0)
1259:(6,1,10,7,0,0,0,0,4,0,0,5,0,0)
1260:(6,1,10,7,0,0,0,0,4,0,0,7,0,0)
1261:(6,1,10,7,0,0,0,0,6,0,0,0,0,0)
1262:(6,1,10,7,0,0,0,0,6,0,0,1,0,0)
1263:(6,1,10,7,0,0,0,0,6,0,0,3,0,0)
1264:(6,1,10,7,0,0,0,0,6,0,0,5,0,0)
1265:(6,1,10,7,0,0,0,0,6,0,0,7,0,0)
1266:(6,1,10,7,0,0,0,0,8,0,0,0,0,0)
1267:(6,1,10,7,0,0,0,0,8,0,0,1,0,0)
1268:(6,1,10,7,0,0,0,0,8,0,0,3,0,0)
1269:(6,1,10,7,0,0,0,0,8,0,0,5,0,0)
1270:(6,1,10,7,0,0,0,0,8,0,0,7,0,0)
1271:(6,1,10,7,0,0,0,0,10,0,0,0,0,0)
1272:(6,1,10,7,0,0,0,0,10,0,0,1,0,0)
1273:(6,1,10,7,0,0,0,0,10,0,0,3,0,0)
1274:(6,1,10,7,0,0,0,0,10,0,0,5,0,0)
1275:(6,1,10,7,0,0,0,0,10,0,0,7,0,0)
1276:(9,1,0,4,0,0,0,0,2,0,0,1,0,0)
1277:(9,1,0,4,0,0,0,0,2,0,0,3,0,0)
1278:(9,1,0,4,0,0,0,0,2,0,0,5,0,0)
1279:(9,1,0,4,0,0,0,0,2,0,0,7,0,0)
1280:(9,1,0,4,0,0,0,0,4,0,0,1,0,0)
1281:(9,1,0,4,0,0,0,0,4,0,0,3,0,0)
1282:(9,1,0,4,0,0,0,0,4,0,0,5,0,0)
1283:(9,1,0,4,0,0,0,0,4,0,0,7,0,0)
1284:(9,1,0,4,0,0,0,0,6,0,0,1,0,0)
1285:(9,1,0,4,0,0,0,0,6,0,0,3,0,0)
1286:(9,1,0,4,0,0,0,0,8,0,0,1,0,0)
1287:(9,1,0,4,0,0,0,0,8,0,0,3,0,0)
1288:(9,1,0,4,0,0,0,0,10,0,0,1,0,0)
1289:(9,1,0,7,0,0,0,0,2,0,0,1,0,0)
1290:(9,1,0,7,0,0,0,0,4,0,0,1,0,0)
1291:(9,1,0,7,0,0,0,0,6,0,0,1,0,0)
1292:(9,1,0,7,0,0,0,0,8,0,0,1,0,0)
1293:(9,1,0,7,0,0,0,0,10,0,0,1,0,0)
1294:(9,1,4,4,0,0,0,0,2,0,0,1,0,0)
1295:(9,1,4,4,0,0,0,0,2,0,0,3,0,0)
1296:(9,1,4,4,0,0,0,0,2,0,0,5,0,0)
1297:(9,1,4,4,0,0,0,0,2,0,0,7,0,0)
1298:(9,1,4,4,0,0,0,0,4,0,0,1,0,0)
1299:(9,1,4,4,0,0,0,0,4,0,0,3,0,0)
1300:(9,1,4,4,0,0,0,0,4,0,0,5,0,0)
1301:(9,1,4,4,0,0,0,0,4,0,0,7,0,0)
1302:(9,1,4,4,0,0,0,0,6,0,0,1,0,0)
1303:(9,1,4,4,0,0,0,0,6,0,0,3,0,0)
1304:(9,1,4,4,0,0,0,0,6,0,0,5,0,0)
1305:(9,1,4,4,0,0,0,0,6,0,0,7,0,0)
1306:(9,1,4,4,0,0,0,0,8,0,0,1,0,0)
1307:(9,1,4,4,0,0,0,0,8,0,0,3,0,0)
1308:(9,1,4,4,0,0,0,0,8,0,0,5,0,0)
1309:(9,1,4,4,0,0,0,0,8,0,0,7,0,0)
1310:(9,1,4,7,0,0,0,0,2,0,0,1,0,0)
1311:(9,1,4,7,0,0,0,0,4,0,0,1,0,0)
1312:(9,1,4,7,0,0,0,0,6,0,0,1,0,0)
1313:(9,1,4,7,0,0,0,0,8,0,0,1,0,0)
1314:(9,1,4,7,0,0,0,0,10,0,0,1,0,0)
1315:(9,1,7,4,0,0,0,0,2,0,0,1,0,0)
1316:(9,1,7,4,0,0,0,0,2,0,0,3,0,0)
1317:(9,1,7,4,0,0,0,0,2,0,0,5,0,0)
1318:(9,1,7,4,0,0,0,0,2,0,0,7,0,0)
1319:(9,1,7,4,0,0,0,0,4,0,0,1,0,0)
1320:(9,1,7,4,0,0,0,0,4,0,0,3,0,0)
1321:(9,1,7,4,0,0,0,0,4,0,0,5,0,0)
1322:(9,1,7,4,0,0,0,0,4,0,0,7,0,0)
1323:(9,1,7,4,0,0,0,0,6,0,0,1,0,0)
1324:(9,1,7,4,0,0,0,0,6,0,0,3,0,0)
1325:(9,1,7,4,0,0,0,0,6,0,0,5,0,0)
1326:(9,1,7,4,0,0,0,0,6,0,0,7,0,0)
1327:(9,1,7,4,0,0,0,0,8,0,0,1,0,0)
1328:(9,1,7,4,0,0,0,0,8,0,0,3,0,0)
1329:(9,1,7,4,0,0,0,0,8,0,0,5,0,0)
1330:(9,1,7,4,0,0,0,0,8,0,0,7,0,0)
1331:(9,1,7,7,0,0,0,0,2,0,0,1,0,0)
1332:(9,1,7,7,0,0,0,0,4,0,0,1,0,0)
1333:(9,1,7,7,0,0,0,0,6,0,0,1,0,0)
1334:(9,1,7,7,0,0,0,0,8,0,0,1,0,0)
1335:(9,1,7,7,0,0,0,0,10,0,0,1,0,0)
1336:(9,1,10,4,0,0,0,0,2,0,0,1,0,0)
1337:(9,1,10,4,0,0,0,0,2,0,0,3,0,0)
1338:(9,1,10,4,0,0,0,0,2,0,0,5,0,0)
1339:(9,1,10,4,0,0,0,0,2,0,0,7,0,0)
1340:(9,1,10,4,0,0,0,0,4,0,0,1,0,0)
1341:(9,1,10,4,0,0,0,0,4,0,0,3,0,0)
1342:(9,1,10,4,0,0,0,0,4,0,0,5,0,0)
1343:(9,1,10,4,0,0,0,0,4,0,0,7,0,0)
1344:(9,1,10,4,0,0,0,0,6,0,0,1,0,0)
1345:(9,1,10,4,0,0,0,0,6,0,0,3,0,0)
1346:(9,1,10,4,0,0,0,0,6,0,0,5,0,0)
1347:(9,1,10,4,0,0,0,0,6,0,0,7,0,0)
1348:(9,1,10,4,0,0,0,0,8,0,0,1,0,0)
1349:(9,1,10,4,0,0,0,0,8,0,0,3,0,0)
1350:(9,1,10,4,0,0,0,0,8,0,0,5,0,0)
1351:(9,1,10,4,0,0,0,0,8,0,0,7,0,0)
1352:(9,1,10,4,0,0,0,0,10,0,0,1,0,0)
1353:(9,1,10,4,0,0,0,0,10,0,0,3,0,0)
1354:(9,1,10,4,0,0,0,0,10,0,0,5,0,0)
1355:(9,1,10,4,0,0,0,0,10,0,0,7,0,0)
1356:(9,1,10,7,0,0,0,0,2,0,0,1,0,0)
1357:(9,1,10,7,0,0,0,0,2,0,0,3,0,0)
1358:(9,1,10,7,0,0,0,0,2,0,0,5,0,0)
1359:(9,1,10,7,0,0,0,0,2,0,0,7,0,0)
1360:(9,1,10,7,0,0,0,0,4,0,0,1,0,0)
1361:(9,1,10,7,0,0,0,0,4,0,0,3,0,0)
1362:(9,1,10,7,0,0,0,0,4,0,0,5,0,0)
1363:(9,1,10,7,0,0,0,0,4,0,0,7,0,0)
1364:(9,1,10,7,0,0,0,0,6,0,0,1,0,0)
1365:(9,1,10,7,0,0,0,0,6,0,0,3,0,0)
1366:(9,1,10,7,0,0,0,0,6,0,0,5,0,0)
1367:(9,1,10,7,0,0,0,0,6,0,0,7,0,0)
1368:(9,1,10,7,0,0,0,0,8,0,0,1,0,0)
1369:(9,1,10,7,0,0,0,0,8,0,0,3,0,0)
1370:(9,1,10,7,0,0,0,0,8,0,0,5,0,0)
1371:(9,1,10,7,0,0,0,0,8,0,0,7,0,0)
1372:(9,1,10,7,0,0,0,0,10,0,0,1,0,0)
1373:(9,1,10,7,0,0,0,0,10,0,0,3,0,0)
1374:(9,1,10,7,0,0,0,0,10,0,0,5,0,0)
1375:(9,1,10,7,0,0,0,0,10,0,0,7,0,0)
1376:(18,1,0,4,0,0,0,0,0,0,0,1,0,0)
1377:(18,1,0,4,0,0,0,0,0,0,0,3,0,0)
1378:(18,1,0,4,0,0,0,0,0,0,0,5,0,0)
1379:(18,1,0,4,0,0,0,0,0,0,0,7,0,0)
1380:(18,1,0,4,0,0,0,0,2,0,0,1,0,0)
1381:(18,1,0,4,0,0,0,0,2,0,0,3,0,0)
1382:(18,1,0,4,0,0,0,0,2,0,0,5,0,0)
1383:(18,1,0,4,0,0,0,0,2,0,0,7,0,0)
1384:(18,1,0,4,0,0,0,0,4,0,0,1,0,0)
1385:(18,1,0,4,0,0,0,0,4,0,0,3,0,0)
1386:(18,1,0,4,0,0,0,0,4,0,0,5,0,0)
1387:(18,1,0,4,0,0,0,0,4,0,0,7,0,0)
1388:(18,1,0,4,0,0,0,0,6,0,0,1,0,0)
1389:(18,1,0,4,0,0,0,0,6,0,0,3,0,0)
1390:(18,1,0,4,0,0,0,0,8,0,0,1,0,0)
1391:(18,1,0,4,0,0,0,0,8,0,0,3,0,0)
1392:(18,1,0,4,0,0,0,0,10,0,0,1,0,0)
1393:(18,1,0,7,0,0,0,0,0,0,0,1,0,0)
1394:(18,1,0,7,0,0,0,0,0,0,0,3,0,0)
1395:(18,1,0,7,0,0,0,0,0,0,0,5,0,0)
1396:(18,1,0,7,0,0,0,0,0,0,0,7,0,0)
1397:(18,1,0,7,0,0,0,0,2,0,0,1,0,0)
1398:(18,1,0,7,0,0,0,0,4,0,0,1,0,0)
1399:(18,1,0,7,0,0,0,0,6,0,0,1,0,0)
1400:(18,1,0,7,0,0,0,0,8,0,0,1,0,0)
1401:(18,1,0,7,0,0,0,0,10,0,0,1,0,0)
1402:(18,1,4,4,0,0,0,0,0,0,0,1,0,0)
1403:(18,1,4,4,0,0,0,0,0,0,0,3,0,0)
1404:(18,1,4,4,0,0,0,0,0,0,0,5,0,0)
1405:(18,1,4,4,0,0,0,0,0,0,0,7,0,0)
1406:(18,1,4,4,0,0,0,0,2,0,0,1,0,0)
1407:(18,1,4,4,0,0,0,0,2,0,0,3,0,0)
1408:(18,1,4,4,0,0,0,0,2,0,0,5,0,0)
1409:(18,1,4,4,0,0,0,0,2,0,0,7,0,0)
1410:(18,1,4,4,0,0,0,0,4,0,0,1,0,0)
1411:(18,1,4,4,0,0,0,0,4,0,0,3,0,0)
1412:(18,1,4,4,0,0,0,0,4,0,0,5,0,0)
1413:(18,1,4,4,0,0,0,0,4,0,0,7,0,0)
1414:(18,1,4,4,0,0,0,0,6,0,0,1,0,0)
1415:(18,1,4,4,0,0,0,0,6,0,0,3,0,0)
1416:(18,1,4,4,0,0,0,0,6,0,0,5,0,0)
1417:(18,1,4,4,0,0,0,0,6,0,0,7,0,0)
1418:(18,1,4,4,0,0,0,0,8,0,0,1,0,0)
1419:(18,1,4,4,0,0,0,0,8,0,0,3,0,0)
1420:(18,1,4,4,0,0,0,0,8,0,0,5,0,0)
1421:(18,1,4,4,0,0,0,0,8,0,0,7,0,0)
1422:(18,1,4,7,0,0,0,0,0,0,0,1,0,0)
1423:(18,1,4,7,0,0,0,0,0,0,0,3,0,0)
1424:(18,1,4,7,0,0,0,0,0,0,0,5,0,0)
1425:(18,1,4,7,0,0,0,0,0,0,0,7,0,0)
1426:(18,1,4,7,0,0,0,0,2,0,0,1,0,0)
1427:(18,1,4,7,0,0,0,0,4,0,0,1,0,0)
1428:(18,1,4,7,0,0,0,0,6,0,0,1,0,0)
1429:(18,1,4,7,0,0,0,0,8,0,0,1,0,0)
1430:(18,1,4,7,0,0,0,0,10,0,0,1,0,0)
1431:(18,1,7,4,0,0,0,0,0,0,0,1,0,0)
1432:(18,1,7,4,0,0,0,0,0,0,0,3,0,0)
1433:(18,1,7,4,0,0,0,0,0,0,0,5,0,0)
1434:(18,1,7,4,0,0,0,0,0,0,0,7,0,0)
1435:(18,1,7,4,0,0,0,0,2,0,0,1,0,0)
1436:(18,1,7,4,0,0,0,0,2,0,0,3,0,0)
1437:(18,1,7,4,0,0,0,0,2,0,0,5,0,0)
1438:(18,1,7,4,0,0,0,0,2,0,0,7,0,0)
1439:(18,1,7,4,0,0,0,0,4,0,0,1,0,0)
1440:(18,1,7,4,0,0,0,0,4,0,0,3,0,0)
1441:(18,1,7,4,0,0,0,0,4,0,0,5,0,0)
1442:(18,1,7,4,0,0,0,0,4,0,0,7,0,0)
1443:(18,1,7,4,0,0,0,0,6,0,0,1,0,0)
1444:(18,1,7,4,0,0,0,0,6,0,0,3,0,0)
1445:(18,1,7,4,0,0,0,0,6,0,0,5,0,0)
1446:(18,1,7,4,0,0,0,0,6,0,0,7,0,0)
1447:(18,1,7,4,0,0,0,0,8,0,0,1,0,0)
1448:(18,1,7,4,0,0,0,0,8,0,0,3,0,0)
1449:(18,1,7,4,0,0,0,0,8,0,0,5,0,0)
1450:(18,1,7,4,0,0,0,0,8,0,0,7,0,0)
1451:(18,1,7,7,0,0,0,0,0,0,0,1,0,0)
1452:(18,1,7,7,0,0,0,0,0,0,0,3,0,0)
1453:(18,1,7,7,0,0,0,0,0,0,0,5,0,0)
1454:(18,1,7,7,0,0,0,0,0,0,0,7,0,0)
1455:(18,1,7,7,0,0,0,0,2,0,0,1,0,0)
1456:(18,1,7,7,0,0,0,0,4,0,0,1,0,0)
1457:(18,1,7,7,0,0,0,0,6,0,0,1,0,0)
1458:(18,1,7,7,0,0,0,0,8,0,0,1,0,0)
1459:(18,1,7,7,0,0,0,0,10,0,0,1,0,0)
1460:(18,1,10,4,0,0,0,0,0,0,0,1,0,0)
1461:(18,1,10,4,0,0,0,0,0,0,0,3,0,0)
1462:(18,1,10,4,0,0,0,0,0,0,0,5,0,0)
1463:(18,1,10,4,0,0,0,0,0,0,0,7,0,0)
1464:(18,1,10,4,0,0,0,0,2,0,0,1,0,0)
1465:(18,1,10,4,0,0,0,0,2,0,0,3,0,0)
1466:(18,1,10,4,0,0,0,0,2,0,0,5,0,0)
1467:(18,1,10,4,0,0,0,0,2,0,0,7,0,0)
1468:(18,1,10,4,0,0,0,0,4,0,0,1,0,0)
1469:(18,1,10,4,0,0,0,0,4,0,0,3,0,0)
1470:(18,1,10,4,0,0,0,0,4,0,0,5,0,0)
1471:(18,1,10,4,0,0,0,0,4,0,0,7,0,0)
1472:(18,1,10,4,0,0,0,0,6,0,0,1,0,0)
1473:(18,1,10,4,0,0,0,0,6,0,0,3,0,0)
1474:(18,1,10,4,0,0,0,0,6,0,0,5,0,0)
1475:(18,1,10,4,0,0,0,0,6,0,0,7,0,0)
1476:(18,1,10,4,0,0,0,0,8,0,0,1,0,0)
1477:(18,1,10,4,0,0,0,0,8,0,0,3,0,0)
1478:(18,1,10,4,0,0,0,0,8,0,0,5,0,0)
1479:(18,1,10,4,0,0,0,0,8,0,0,7,0,0)
1480:(18,1,10,4,0,0,0,0,10,0,0,1,0,0)
1481:(18,1,10,4,0,0,0,0,10,0,0,3,0,0)
1482:(18,1,10,4,0,0,0,0,10,0,0,5,0,0)
1483:(18,1,10,4,0,0,0,0,10,0,0,7,0,0)
1484:(18,1,10,7,0,0,0,0,0,0,0,1,0,0)
1485:(18,1,10,7,0,0,0,0,0,0,0,3,0,0)
1486:(18,1,10,7,0,0,0,0,0,0,0,5,0,0)
1487:(18,1,10,7,0,0,0,0,0,0,0,7,0,0)
1488:(18,1,10,7,0,0,0,0,2,0,0,1,0,0)
1489:(18,1,10,7,0,0,0,0,2,0,0,3,0,0)
1490:(18,1,10,7,0,0,0,0,2,0,0,5,0,0)
1491:(18,1,10,7,0,0,0,0,2,0,0,7,0,0)
1492:(18,1,10,7,0,0,0,0,4,0,0,1,0,0)
1493:(18,1,10,7,0,0,0,0,4,0,0,3,0,0)
1494:(18,1,10,7,0,0,0,0,4,0,0,5,0,0)
1495:(18,1,10,7,0,0,0,0,4,0,0,7,0,0)
1496:(18,1,10,7,0,0,0,0,6,0,0,1,0,0)
1497:(18,1,10,7,0,0,0,0,6,0,0,3,0,0)
1498:(18,1,10,7,0,0,0,0,6,0,0,5,0,0)
1499:(18,1,10,7,0,0,0,0,6,0,0,7,0,0)
1500:(18,1,10,7,0,0,0,0,8,0,0,1,0,0)
1501:(18,1,10,7,0,0,0,0,8,0,0,3,0,0)
1502:(18,1,10,7,0,0,0,0,8,0,0,5,0,0)
1503:(18,1,10,7,0,0,0,0,8,0,0,7,0,0)
1504:(18,1,10,7,0,0,0,0,10,0,0,1,0,0)
1505:(18,1,10,7,0,0,0,0,10,0,0,3,0,0)
1506:(18,1,10,7,0,0,0,0,10,0,0,5,0,0)
1507:(18,1,10,7,0,0,0,0,10,0,0,7,0,0)
1508:(56,2,2,0,0,0,0,0,2,0,0,0,0,0)
1509:(56,2,2,0,0,0,0,0,4,0,0,0,0,0)
1510:(56,2,2,0,0,0,0,0,6,0,0,0,0,0)
1511:(56,2,2,0,0,0,0,0,8,0,0,0,0,0)
1512:(56,2,2,0,0,0,0,0,10,0,0,0,0,0)
1513:(56,2,2,3,0,0,0,0,4,0,0,0,0,0)
1514:(56,2,2,4,0,0,0,0,4,0,0,0,0,0)
1515:(56,2,2,4,0,0,0,0,6,0,0,0,0,0)
1516:(56,2,2,4,0,0,0,0,8,0,0,0,0,0)
1517:(56,2,2,4,0,0,0,0,10,0,0,0,0,0)
1518:(56,2,2,7,0,0,0,0,6,0,0,0,0,0)
1519:(56,2,2,7,0,0,0,0,8,0,0,0,0,0)
1520:(56,2,2,7,0,0,0,0,10,0,0,0,0,0)
1521:(56,2,3,0,0,0,0,0,2,0,0,0,0,0)
1522:(56,2,3,0,0,0,0,0,4,0,0,0,0,0)
1523:(56,2,3,0,0,0,0,0,6,0,0,0,0,0)
1524:(56,2,3,0,0,0,0,0,8,0,0,0,0,0)
1525:(56,2,3,0,0,0,0,0,10,0,0,0,0,0)
1526:(56,2,3,3,0,0,0,0,4,0,0,0,0,0)
1527:(56,2,3,3,0,0,0,0,6,0,0,0,0,0)
1528:(56,2,3,4,0,0,0,0,4,0,0,0,0,0)
1529:(56,2,3,4,0,0,0,0,6,0,0,0,0,0)
1530:(56,2,3,4,0,0,0,0,8,0,0,0,0,0)
1531:(56,2,3,7,0,0,0,0,6,0,0,0,0,0)
1532:(56,2,3,7,0,0,0,0,8,0,0,0,0,0)
1533:(56,2,3,7,0,0,0,0,10,0,0,0,0,0)
1534:(56,2,4,0,0,0,0,0,2,0,0,0,0,0)
1535:(56,2,4,0,0,0,0,0,4,0,0,0,0,0)
1536:(56,2,4,0,0,0,0,0,6,0,0,0,0,0)
1537:(56,2,4,0,0,0,0,0,8,0,0,0,0,0)
1538:(56,2,4,0,0,0,0,0,10,0,0,0,0,0)
1539:(56,2,4,3,0,0,0,0,4,0,0,0,0,0)
1540:(56,2,4,4,0,0,0,0,4,0,0,0,0,0)
1541:(56,2,4,4,0,0,0,0,6,0,0,0,0,0)
1542:(56,2,4,4,0,0,0,0,8,0,0,0,0,0)
1543:(56,2,4,7,0,0,0,0,6,0,0,0,0,0)
1544:(56,2,4,7,0,0,0,0,8,0,0,0,0,0)
1545:(56,2,4,7,0,0,0,0,10,0,0,0,0,0)
1546:(56,2,6,0,0,0,0,0,2,0,0,0,0,0)
1547:(56,2,6,0,0,0,0,0,4,0,0,0,0,0)
1548:(56,2,6,0,0,0,0,0,6,0,0,0,0,0)
1549:(56,2,6,0,0,0,0,0,8,0,0,0,0,0)
1550:(56,2,6,0,0,0,0,0,10,0,0,0,0,0)
1551:(56,2,6,3,0,0,0,0,4,0,0,0,0,0)
1552:(56,2,6,4,0,0,0,0,4,0,0,0,0,0)
1553:(56,2,6,4,0,0,0,0,6,0,0,0,0,0)
1554:(56,2,6,4,0,0,0,0,8,0,0,0,0,0)
1555:(56,2,6,4,0,0,0,0,10,0,0,0,0,0)
1556:(56,2,6,7,0,0,0,0,6,0,0,0,0,0)
1557:(56,2,6,7,0,0,0,0,8,0,0,0,0,0)
1558:(56,2,6,7,0,0,0,0,10,0,0,0,0,0)
1559:(56,2,7,0,0,0,0,0,2,0,0,0,0,0)
1560:(56,2,7,0,0,0,0,0,4,0,0,0,0,0)
1561:(56,2,7,0,0,0,0,0,6,0,0,0,0,0)
1562:(56,2,7,0,0,0,0,0,8,0,0,0,0,0)
1563:(56,2,7,0,0,0,0,0,10,0,0,0,0,0)
1564:(56,2,7,3,0,0,0,0,4,0,0,0,0,0)
1565:(56,2,7,3,0,0,0,0,6,0,0,0,0,0)
1566:(56,2,7,4,0,0,0,0,4,0,0,0,0,0)
1567:(56,2,7,4,0,0,0,0,6,0,0,0,0,0)
1568:(56,2,7,4,0,0,0,0,8,0,0,0,0,0)
1569:(56,2,7,7,0,0,0,0,8,0,0,0,0,0)
1570:(56,2,7,7,0,0,0,0,10,0,0,0,0,0)
1571:(56,2,10,0,0,0,0,0,2,0,0,0,0,0)
1572:(56,2,10,0,0,0,0,0,4,0,0,0,0,0)
1573:(56,2,10,0,0,0,0,0,6,0,0,0,0,0)
1574:(56,2,10,0,0,0,0,0,8,0,0,0,0,0)
1575:(56,2,10,0,0,0,0,0,10,0,0,0,0,0)
1576:(56,2,10,3,0,0,0,0,4,0,0,0,0,0)
1577:(56,2,10,4,0,0,0,0,4,0,0,0,0,0)
1578:(56,2,10,4,0,0,0,0,8,0,0,0,0,0)
1579:(56,2,10,4,0,0,0,0,10,0,0,0,0,0)
1580:(56,2,10,7,0,0,0,0,8,0,0,0,0,0)
1581:(56,2,10,7,0,0,0,0,10,0,0,0,0,0)
1582:(57,2,0,3,0,0,0,0,2,0,0,0,0,0)
1583:(57,2,0,3,0,0,0,0,4,0,0,0,0,0)
1584:(57,2,0,3,0,0,0,0,6,0,0,0,0,0)
1585:(57,2,0,3,0,0,0,0,8,0,0,0,0,0)
1586:(57,2,0,3,0,0,0,0,10,0,0,0,0,0)
1587:(57,2,0,4,0,0,0,0,2,0,0,0,0,0)
1588:(57,2,0,4,0,0,0,0,4,0,0,0,0,0)
1589:(57,2,0,4,0,0,0,0,6,0,0,0,0,0)
1590:(57,2,0,4,0,0,0,0,8,0,0,0,0,0)
1591:(57,2,0,4,0,0,0,0,10,0,0,0,0,0)
1592:(57,2,0,7,0,0,0,0,2,0,0,0,0,0)
1593:(57,2,0,7,0,0,0,0,4,0,0,0,0,0)
1594:(57,2,0,7,0,0,0,0,6,0,0,0,0,0)
1595:(57,2,0,7,0,0,0,0,8,0,0,0,0,0)
1596:(57,2,0,7,0,0,0,0,10,0,0,0,0,0)
1597:(57,2,2,3,0,0,0,0,2,0,0,0,0,0)
1598:(57,2,2,4,0,0,0,0,2,0,0,0,0,0)
1599:(57,2,2,7,0,0,0,0,2,0,0,0,0,0)
1600:(57,2,2,7,0,0,0,0,4,0,0,0,0,0)
1601:(57,2,3,3,0,0,0,0,2,0,0,0,0,0)
1602:(57,2,3,4,0,0,0,0,2,0,0,0,0,0)
1603:(57,2,3,7,0,0,0,0,2,0,0,0,0,0)
1604:(57,2,3,7,0,0,0,0,4,0,0,0,0,0)
1605:(57,2,4,3,0,0,0,0,2,0,0,0,0,0)
1606:(57,2,4,4,0,0,0,0,2,0,0,0,0,0)
1607:(57,2,4,7,0,0,0,0,2,0,0,0,0,0)
1608:(57,2,4,7,0,0,0,0,4,0,0,0,0,0)
1609:(57,2,6,3,0,0,0,0,2,0,0,0,0,0)
1610:(57,2,6,4,0,0,0,0,2,0,0,0,0,0)
1611:(57,2,6,7,0,0,0,0,2,0,0,0,0,0)
1612:(57,2,6,7,0,0,0,0,4,0,0,0,0,0)
1613:(57,2,7,3,0,0,0,0,2,0,0,0,0,0)
1614:(57,2,7,4,0,0,0,0,2,0,0,0,0,0)
1615:(57,2,7,7,0,0,0,0,2,0,0,0,0,0)
1616:(57,2,7,7,0,0,0,0,4,0,0,0,0,0)
1617:(57,2,7,7,0,0,0,0,6,0,0,0,0,0)
1618:(57,2,10,3,0,0,0,0,2,0,0,0,0,0)
1619:(57,2,10,3,0,0,0,0,6,0,0,0,0,0)
1620:(57,2,10,4,0,0,0,0,2,0,0,0,0,0)
1621:(57,2,10,4,0,0,0,0,6,0,0,0,0,0)
1622:(57,2,10,7,0,0,0,0,2,0,0,0,0,0)
1623:(57,2,10,7,0,0,0,0,4,0,0,0,0,0)
1624:(57,2,10,7,0,0,0,0,6,0,0,0,0,0)
1625:(81,2,4,0,0,0,0,0,0,0,0,1,0,0)
1626:(81,2,4,0,0,0,0,0,0,0,0,3,0,0)
1627:(81,2,4,0,0,0,0,0,0,0,0,5,0,0)
1628:(81,2,4,0,0,0,0,0,0,0,0,7,0,0)
1629:(81,2,4,0,0,0,0,0,2,0,0,1,0,0)
1630:(81,2,4,0,0,0,0,0,2,0,0,3,0,0)
1631:(81,2,4,0,0,0,0,0,2,0,0,5,0,0)
1632:(81,2,4,0,0,0,0,0,2,0,0,7,0,0)
1633:(81,2,4,0,0,0,0,0,4,0,0,1,0,0)
1634:(81,2,4,0,0,0,0,0,4,0,0,3,0,0)
1635:(81,2,4,0,0,0,0,0,4,0,0,5,0,0)
1636:(81,2,4,0,0,0,0,0,4,0,0,7,0,0)
1637:(81,2,4,0,0,0,0,0,6,0,0,1,0,0)
1638:(81,2,4,0,0,0,0,0,6,0,0,3,0,0)
1639:(81,2,4,0,0,0,0,0,6,0,0,5,0,0)
1640:(81,2,4,0,0,0,0,0,6,0,0,7,0,0)
1641:(81,2,4,0,0,0,0,0,8,0,0,1,0,0)
1642:(81,2,4,0,0,0,0,0,8,0,0,3,0,0)
1643:(81,2,4,0,0,0,0,0,8,0,0,5,0,0)
1644:(81,2,4,0,0,0,0,0,8,0,0,7,0,0)
1645:(81,2,4,0,0,0,0,0,10,0,0,1,0,0)
1646:(81,2,4,0,0,0,0,0,10,0,0,3,0,0)
1647:(81,2,4,0,0,0,0,0,10,0,0,5,0,0)
1648:(81,2,4,0,0,0,0,0,10,0,0,7,0,0)
1649:(81,2,4,4,0,0,0,0,0,0,0,3,0,0)
1650:(81,2,4,4,0,0,0,0,0,0,0,5,0,0)
1651:(81,2,4,4,0,0,0,0,0,0,0,7,0,0)
1652:(81,2,4,4,0,0,0,0,2,0,0,7,0,0)
1653:(81,2,4,4,0,0,0,0,4,0,0,7,0,0)
1654:(81,2,4,4,0,0,0,0,8,0,0,1,0,0)
1655:(81,2,4,4,0,0,0,0,8,0,0,3,0,0)
1656:(81,2,4,7,0,0,0,0,0,0,0,5,0,0)
1657:(81,2,4,7,0,0,0,0,0,0,0,7,0,0)
1658:(81,2,4,7,0,0,0,0,8,0,0,1,0,0)
1659:(81,2,4,7,0,0,0,0,10,0,0,1,0,0)
1660:(81,2,7,0,0,0,0,0,0,0,0,1,0,0)
1661:(81,2,7,0,0,0,0,0,0,0,0,3,0,0)
1662:(81,2,7,0,0,0,0,0,0,0,0,5,0,0)
1663:(81,2,7,0,0,0,0,0,0,0,0,7,0,0)
1664:(81,2,7,0,0,0,0,0,2,0,0,1,0,0)
1665:(81,2,7,0,0,0,0,0,2,0,0,3,0,0)
1666:(81,2,7,0,0,0,0,0,2,0,0,5,0,0)
1667:(81,2,7,0,0,0,0,0,2,0,0,7,0,0)
1668:(81,2,7,0,0,0,0,0,4,0,0,1,0,0)
1669:(81,2,7,0,0,0,0,0,4,0,0,5,0,0)
1670:(81,2,7,0,0,0,0,0,6,0,0,1,0,0)
1671:(81,2,7,0,0,0,0,0,6,0,0,3,0,0)
1672:(81,2,7,0,0,0,0,0,6,0,0,5,0,0)
1673:(81,2,7,0,0,0,0,0,6,0,0,7,0,0)
1674:(81,2,7,0,0,0,0,0,8,0,0,1,0,0)
1675:(81,2,7,0,0,0,0,0,8,0,0,5,0,0)
1676:(81,2,7,0,0,0,0,0,10,0,0,1,0,0)
1677:(81,2,7,0,0,0,0,0,10,0,0,3,0,0)
1678:(81,2,7,0,0,0,0,0,10,0,0,5,0,0)
1679:(81,2,7,0,0,0,0,0,10,0,0,7,0,0)
1680:(81,2,7,4,0,0,0,0,0,0,0,3,0,0)
1681:(81,2,7,4,0,0,0,0,0,0,0,5,0,0)
1682:(81,2,7,4,0,0,0,0,0,0,0,7,0,0)
1683:(81,2,7,4,0,0,0,0,4,0,0,3,0,0)
1684:(81,2,7,4,0,0,0,0,4,0,0,7,0,0)
1685:(81,2,7,4,0,0,0,0,8,0,0,3,0,0)
1686:(81,2,7,4,0,0,0,0,8,0,0,7,0,0)
1687:(81,2,7,7,0,0,0,0,0,0,0,5,0,0)
1688:(81,2,7,7,0,0,0,0,0,0,0,7,0,0)
1689:(81,2,7,7,0,0,0,0,8,0,0,1,0,0)
1690:(81,2,7,7,0,0,0,0,10,0,0,1,0,0)
1691:(81,2,10,0,0,0,0,0,0,0,0,1,0,0)
1692:(81,2,10,0,0,0,0,0,0,0,0,3,0,0)
1693:(81,2,10,0,0,0,0,0,0,0,0,5,0,0)
1694:(81,2,10,0,0,0,0,0,0,0,0,7,0,0)
1695:(81,2,10,0,0,0,0,0,2,0,0,1,0,0)
1696:(81,2,10,0,0,0,0,0,2,0,0,3,0,0)
1697:(81,2,10,0,0,0,0,0,2,0,0,5,0,0)
1698:(81,2,10,0,0,0,0,0,2,0,0,7,0,0)
1699:(81,2,10,0,0,0,0,0,4,0,0,1,0,0)
1700:(81,2,10,0,0,0,0,0,4,0,0,5,0,0)
1701:(81,2,10,0,0,0,0,0,6,0,0,1,0,0)
1702:(81,2,10,0,0,0,0,0,6,0,0,3,0,0)
1703:(81,2,10,0,0,0,0,0,6,0,0,5,0,0)
1704:(81,2,10,0,0,0,0,0,6,0,0,7,0,0)
1705:(81,2,10,0,0,0,0,0,8,0,0,1,0,0)
1706:(81,2,10,0,0,0,0,0,8,0,0,5,0,0)
1707:(81,2,10,0,0,0,0,0,10,0,0,1,0,0)
1708:(81,2,10,0,0,0,0,0,10,0,0,3,0,0)
1709:(81,2,10,0,0,0,0,0,10,0,0,5,0,0)
1710:(81,2,10,0,0,0,0,0,10,0,0,7,0,0)
1711:(81,2,10,4,0,0,0,0,0,0,0,3,0,0)
1712:(81,2,10,4,0,0,0,0,0,0,0,7,0,0)
1713:(81,2,10,4,0,0,0,0,4,0,0,3,0,0)
1714:(81,2,10,4,0,0,0,0,4,0,0,7,0,0)
1715:(81,2,10,4,0,0,0,0,8,0,0,3,0,0)
1716:(81,2,10,4,0,0,0,0,8,0,0,7,0,0)
1717:(81,2,10,7,0,0,0,0,0,0,0,7,0,0)
1718:(81,2,10,7,0,0,0,0,10,0,0,1,0,0)
1719:(82,2,0,4,0,0,0,0,0,0,0,1,0,0)
1720:(82,2,0,4,0,0,0,0,0,0,0,3,0,0)
1721:(82,2,0,4,0,0,0,0,0,0,0,5,0,0)
1722:(82,2,0,4,0,0,0,0,0,0,0,7,0,0)
1723:(82,2,0,4,0,0,0,0,2,0,0,1,0,0)
1724:(82,2,0,4,0,0,0,0,2,0,0,3,0,0)
1725:(82,2,0,4,0,0,0,0,2,0,0,5,0,0)
1726:(82,2,0,4,0,0,0,0,2,0,0,7,0,0)
1727:(82,2,0,4,0,0,0,0,4,0,0,1,0,0)
1728:(82,2,0,4,0,0,0,0,4,0,0,3,0,0)
1729:(82,2,0,4,0,0,0,0,4,0,0,5,0,0)
1730:(82,2,0,4,0,0,0,0,4,0,0,7,0,0)
1731:(82,2,0,4,0,0,0,0,6,0,0,1,0,0)
1732:(82,2,0,4,0,0,0,0,6,0,0,3,0,0)
1733:(82,2,0,4,0,0,0,0,8,0,0,1,0,0)
1734:(82,2,0,4,0,0,0,0,8,0,0,3,0,0)
1735:(82,2,0,4,0,0,0,0,10,0,0,1,0,0)
1736:(82,2,0,7,0,0,0,0,0,0,0,1,0,0)
1737:(82,2,0,7,0,0,0,0,0,0,0,3,0,0)
1738:(82,2,0,7,0,0,0,0,0,0,0,5,0,0)
1739:(82,2,0,7,0,0,0,0,0,0,0,7,0,0)
1740:(82,2,0,7,0,0,0,0,2,0,0,1,0,0)
1741:(82,2,0,7,0,0,0,0,4,0,0,1,0,0)
1742:(82,2,0,7,0,0,0,0,6,0,0,1,0,0)
1743:(82,2,0,7,0,0,0,0,8,0,0,1,0,0)
1744:(82,2,0,7,0,0,0,0,10,0,0,1,0,0)
1745:(82,2,4,4,0,0,0,0,0,0,0,1,0,0)
1746:(82,2,4,4,0,0,0,0,2,0,0,1,0,0)
1747:(82,2,4,4,0,0,0,0,2,0,0,3,0,0)
1748:(82,2,4,4,0,0,0,0,2,0,0,5,0,0)
1749:(82,2,4,4,0,0,0,0,4,0,0,1,0,0)
1750:(82,2,4,4,0,0,0,0,4,0,0,3,0,0)
1751:(82,2,4,4,0,0,0,0,4,0,0,5,0,0)
1752:(82,2,4,4,0,0,0,0,6,0,0,1,0,0)
1753:(82,2,4,4,0,0,0,0,6,0,0,3,0,0)
1754:(82,2,4,4,0,0,0,0,6,0,0,5,0,0)
1755:(82,2,4,4,0,0,0,0,6,0,0,7,0,0)
1756:(82,2,4,4,0,0,0,0,8,0,0,5,0,0)
1757:(82,2,4,4,0,0,0,0,8,0,0,7,0,0)
1758:(82,2,4,7,0,0,0,0,0,0,0,1,0,0)
1759:(82,2,4,7,0,0,0,0,0,0,0,3,0,0)
1760:(82,2,4,7,0,0,0,0,2,0,0,1,0,0)
1761:(82,2,4,7,0,0,0,0,4,0,0,1,0,0)
1762:(82,2,4,7,0,0,0,0,6,0,0,1,0,0)
1763:(82,2,7,4,0,0,0,0,0,0,0,1,0,0)
1764:(82,2,7,4,0,0,0,0,2,0,0,1,0,0)
1765:(82,2,7,4,0,0,0,0,2,0,0,3,0,0)
1766:(82,2,7,4,0,0,0,0,2,0,0,5,0,0)
1767:(82,2,7,4,0,0,0,0,2,0,0,7,0,0)
1768:(82,2,7,4,0,0,0,0,4,0,0,1,0,0)
1769:(82,2,7,4,0,0,0,0,4,0,0,5,0,0)
1770:(82,2,7,4,0,0,0,0,6,0,0,1,0,0)
1771:(82,2,7,4,0,0,0,0,6,0,0,3,0,0)
1772:(82,2,7,4,0,0,0,0,6,0,0,5,0,0)
1773:(82,2,7,4,0,0,0,0,6,0,0,7,0,0)
1774:(82,2,7,4,0,0,0,0,8,0,0,1,0,0)
1775:(82,2,7,4,0,0,0,0,8,0,0,5,0,0)
1776:(82,2,7,7,0,0,0,0,0,0,0,1,0,0)
1777:(82,2,7,7,0,0,0,0,0,0,0,3,0,0)
1778:(82,2,7,7,0,0,0,0,2,0,0,1,0,0)
1779:(82,2,7,7,0,0,0,0,4,0,0,1,0,0)
1780:(82,2,7,7,0,0,0,0,6,0,0,1,0,0)
1781:(82,2,10,4,0,0,0,0,0,0,0,1,0,0)
1782:(82,2,10,4,0,0,0,0,0,0,0,5,0,0)
1783:(82,2,10,4,0,0,0,0,2,0,0,1,0,0)
1784:(82,2,10,4,0,0,0,0,2,0,0,3,0,0)
1785:(82,2,10,4,0,0,0,0,2,0,0,5,0,0)
1786:(82,2,10,4,0,0,0,0,2,0,0,7,0,0)
1787:(82,2,10,4,0,0,0,0,4,0,0,1,0,0)
1788:(82,2,10,4,0,0,0,0,4,0,0,5,0,0)
1789:(82,2,10,4,0,0,0,0,6,0,0,1,0,0)
1790:(82,2,10,4,0,0,0,0,6,0,0,3,0,0)
1791:(82,2,10,4,0,0,0,0,6,0,0,5,0,0)
1792:(82,2,10,4,0,0,0,0,6,0,0,7,0,0)
1793:(82,2,10,4,0,0,0,0,8,0,0,1,0,0)
1794:(82,2,10,4,0,0,0,0,8,0,0,5,0,0)
1795:(82,2,10,4,0,0,0,0,10,0,0,1,0,0)
1796:(82,2,10,4,0,0,0,0,10,0,0,3,0,0)
1797:(82,2,10,4,0,0,0,0,10,0,0,5,0,0)
1798:(82,2,10,4,0,0,0,0,10,0,0,7,0,0)
1799:(82,2,10,7,0,0,0,0,0,0,0,1,0,0)
1800:(82,2,10,7,0,0,0,0,0,0,0,3,0,0)
1801:(82,2,10,7,0,0,0,0,0,0,0,5,0,0)
1802:(82,2,10,7,0,0,0,0,2,0,0,1,0,0)
1803:(82,2,10,7,0,0,0,0,2,0,0,3,0,0)
1804:(82,2,10,7,0,0,0,0,2,0,0,5,0,0)
1805:(82,2,10,7,0,0,0,0,2,0,0,7,0,0)
1806:(82,2,10,7,0,0,0,0,4,0,0,1,0,0)
1807:(82,2,10,7,0,0,0,0,4,0,0,3,0,0)
1808:(82,2,10,7,0,0,0,0,4,0,0,5,0,0)
1809:(82,2,10,7,0,0,0,0,4,0,0,7,0,0)
1810:(82,2,10,7,0,0,0,0,6,0,0,1,0,0)
1811:(82,2,10,7,0,0,0,0,6,0,0,3,0,0)
1812:(82,2,10,7,0,0,0,0,6,0,0,5,0,0)
1813:(82,2,10,7,0,0,0,0,6,0,0,7,0,0)
1814:(82,2,10,7,0,0,0,0,8,0,0,1,0,0)
1815:(82,2,10,7,0,0,0,0,8,0,0,3,0,0)
1816:(82,2,10,7,0,0,0,0,8,0,0,5,0,0)
1817:(82,2,10,7,0,0,0,0,8,0,0,7,0,0)
1818:(82,2,10,7,0,0,0,0,10,0,0,3,0,0)
1819:(82,2,10,7,0,0,0,0,10,0,0,5,0,0)
1820:(82,2,10,7,0,0,0,0,10,0,0,7,0,0)
